<?xml version="1.0" encoding="UTF-8"?>
<!-- Generated by org.testng.reporters.JUnitXMLReporter -->
<testsuite ignored="0" hostname="INLEN8520078556" failures="1" tests="6" name="Default test" time="16.155" errors="0" timestamp="2023-06-29T16:05:48 IST">
  <testcase classname="com.cg.Test.TestCases" name="HomePageTitleVerify" time="0.023"/>
  <testcase classname="com.cg.Test.TestCases" name="loginpageVerify" time="2.772"/>
  <testcase classname="com.cg.Test.TestCases" name="emicalculator" time="6.339"/>
  <testcase classname="com.cg.Test.TestCases" name="eligibilitycalculator" time="0.883"/>
  <testcase classname="com.cg.Test.TestCases" name="prepayver" time="6.057"/>
  <testcase classname="com.cg.Test.TestCases" name="verifyHomeLoans" time="0.006">
    <failure type="java.lang.StackOverflowError">
      <![CDATA[java.lang.StackOverflowError
at com.cg.Test.TestCases.verifyHomeLoans(TestCases.java:85)
at com.cg.Test.TestCases.verifyHomeLoans(TestCases.java:85)
at com.cg.Test.TestCases.verifyHomeLoans(TestCases.java:85)
at com.cg.Test.TestCases.verifyHomeLoans(TestCases.java:85)
at com.cg.Test.TestCases.verifyHomeLoans(TestCases.java:85)
at com.cg.Test.TestCases.verifyHomeLoans(TestCases.java:85)
at com.cg.Test.TestCases.verifyHomeLoans(TestCases.java:85)
at com.cg.Test.TestCases.verifyHomeLoans(TestCases.java:85)
at com.cg.Test.TestCases.verifyHomeLoans(TestCases.java:85)
at com.cg.Test.TestCases.verifyHomeLoans(TestCases.java:85)
at com.cg.Test.TestCases.verifyHomeLoans(TestCases.java:85)
at com.cg.Test.TestCases.verifyHomeLoans(TestCases.java:85)
at com.cg.Test.TestCases.verifyHomeLoans(TestCases.java:85)
at com.cg.Test.TestCases.verifyHomeLoans(TestCases.java:85)
at com.cg.Test.TestCases.verifyHomeLoans(TestCases.java:85)
at com.cg.Test.TestCases.verifyHomeLoans(TestCases.java:85)
at com.cg.Test.TestCases.verifyHomeLoans(TestCases.java:85)
at com.cg.Test.TestCases.verifyHomeLoans(TestCases.java:85)
at com.cg.Test.TestCases.verifyHomeLoans(TestCases.java:85)
at com.cg.Test.TestCases.verifyHomeLoans(TestCases.java:85)
at com.cg.Test.TestCases.verifyHomeLoans(TestCases.java:85)
at com.cg.Test.TestCases.verifyHomeLoans(TestCases.java:85)
at com.cg.Test.TestCases.verifyHomeLoans(TestCases.java:85)
at com.cg.Test.TestCases.verifyHomeLoans(TestCases.java:85)
at com.cg.Test.TestCases.verifyHomeLoans(TestCases.java:85)
at com.cg.Test.TestCases.verifyHomeLoans(TestCases.java:85)
at com.cg.Test.TestCases.verifyHomeLoans(TestCases.java:85)
at com.cg.Test.TestCases.verifyHomeLoans(TestCases.java:85)
at com.cg.Test.TestCases.verifyHomeLoans(TestCases.java:85)
at com.cg.Test.TestCases.verifyHomeLoans(TestCases.java:85)
at com.cg.Test.TestCases.verifyHomeLoans(TestCases.java:85)
at com.cg.Test.TestCases.verifyHomeLoans(TestCases.java:85)
at com.cg.Test.TestCases.verifyHomeLoans(TestCases.java:85)
at com.cg.Test.TestCases.verifyHomeLoans(TestCases.java:85)
at com.cg.Test.TestCases.verifyHomeLoans(TestCases.java:85)
at com.cg.Test.TestCases.verifyHomeLoans(TestCases.java:85)
at com.cg.Test.TestCases.verifyHomeLoans(TestCases.java:85)
at com.cg.Test.TestCases.verifyHomeLoans(TestCases.java:85)
at com.cg.Test.TestCases.verifyHomeLoans(TestCases.java:85)
at com.cg.Test.TestCases.verifyHomeLoans(TestCases.java:85)
at com.cg.Test.TestCases.verifyHomeLoans(TestCases.java:85)
at com.cg.Test.TestCases.verifyHomeLoans(TestCases.java:85)
at com.cg.Test.TestCases.verifyHomeLoans(TestCases.java:85)
at com.cg.Test.TestCases.verifyHomeLoans(TestCases.java:85)
at com.cg.Test.TestCases.verifyHomeLoans(TestCases.java:85)
at com.cg.Test.TestCases.verifyHomeLoans(TestCases.java:85)
at com.cg.Test.TestCases.verifyHomeLoans(TestCases.java:85)
at com.cg.Test.TestCases.verifyHomeLoans(TestCases.java:85)
at com.cg.Test.TestCases.verifyHomeLoans(TestCases.java:85)
at com.cg.Test.TestCases.verifyHomeLoans(TestCases.java:85)
at com.cg.Test.TestCases.verifyHomeLoans(TestCases.java:85)
at com.cg.Test.TestCases.verifyHomeLoans(TestCases.java:85)
at com.cg.Test.TestCases.verifyHomeLoans(TestCases.java:85)
at com.cg.Test.TestCases.verifyHomeLoans(TestCases.java:85)
at com.cg.Test.TestCases.verifyHomeLoans(TestCases.java:85)
at com.cg.Test.TestCases.verifyHomeLoans(TestCases.java:85)
at com.cg.Test.TestCases.verifyHomeLoans(TestCases.java:85)
at com.cg.Test.TestCases.verifyHomeLoans(TestCases.java:85)
at com.cg.Test.TestCases.verifyHomeLoans(TestCases.java:85)
at com.cg.Test.TestCases.verifyHomeLoans(TestCases.java:85)
at com.cg.Test.TestCases.verifyHomeLoans(TestCases.java:85)
at com.cg.Test.TestCases.verifyHomeLoans(TestCases.java:85)
at com.cg.Test.TestCases.verifyHomeLoans(TestCases.java:85)
at com.cg.Test.TestCases.verifyHomeLoans(TestCases.java:85)
at com.cg.Test.TestCases.verifyHomeLoans(TestCases.java:85)
at com.cg.Test.TestCases.verifyHomeLoans(TestCases.java:85)
at com.cg.Test.TestCases.verifyHomeLoans(TestCases.java:85)
at com.cg.Test.TestCases.verifyHomeLoans(TestCases.java:85)
at com.cg.Test.TestCases.verifyHomeLoans(TestCases.java:85)
at com.cg.Test.TestCases.verifyHomeLoans(TestCases.java:85)
at com.cg.Test.TestCases.verifyHomeLoans(TestCases.java:85)
at com.cg.Test.TestCases.verifyHomeLoans(TestCases.java:85)
at com.cg.Test.TestCases.verifyHomeLoans(TestCases.java:85)
at com.cg.Test.TestCases.verifyHomeLoans(TestCases.java:85)
at com.cg.Test.TestCases.verifyHomeLoans(TestCases.java:85)
at com.cg.Test.TestCases.verifyHomeLoans(TestCases.java:85)
at com.cg.Test.TestCases.verifyHomeLoans(TestCases.java:85)
at com.cg.Test.TestCases.verifyHomeLoans(TestCases.java:85)
at com.cg.Test.TestCases.verifyHomeLoans(TestCases.java:85)
at com.cg.Test.TestCases.verifyHomeLoans(TestCases.java:85)
at com.cg.Test.TestCases.verifyHomeLoans(TestCases.java:85)
at com.cg.Test.TestCases.verifyHomeLoans(TestCases.java:85)
at com.cg.Test.TestCases.verifyHomeLoans(TestCases.java:85)
at com.cg.Test.TestCases.verifyHomeLoans(TestCases.java:85)
at com.cg.Test.TestCases.verifyHomeLoans(TestCases.java:85)
at com.cg.Test.TestCases.verifyHomeLoans(TestCases.java:85)
at com.cg.Test.TestCases.verifyHomeLoans(TestCases.java:85)
at com.cg.Test.TestCases.verifyHomeLoans(TestCases.java:85)
at com.cg.Test.TestCases.verifyHomeLoans(TestCases.java:85)
at com.cg.Test.TestCases.verifyHomeLoans(TestCases.java:85)
at com.cg.Test.TestCases.verifyHomeLoans(TestCases.java:85)
at com.cg.Test.TestCases.verifyHomeLoans(TestCases.java:85)
at com.cg.Test.TestCases.verifyHomeLoans(TestCases.java:85)
at com.cg.Test.TestCases.verifyHomeLoans(TestCases.java:85)
at com.cg.Test.TestCases.verifyHomeLoans(TestCases.java:85)
at com.cg.Test.TestCases.verifyHomeLoans(TestCases.java:85)
at com.cg.Test.TestCases.verifyHomeLoans(TestCases.java:85)
at com.cg.Test.TestCases.verifyHomeLoans(TestCases.java:85)
at com.cg.Test.TestCases.verifyHomeLoans(TestCases.java:85)
at com.cg.Test.TestCases.verifyHomeLoans(TestCases.java:85)
at com.cg.Test.TestCases.verifyHomeLoans(TestCases.java:85)
at com.cg.Test.TestCases.verifyHomeLoans(TestCases.java:85)
at com.cg.Test.TestCases.verifyHomeLoans(TestCases.java:85)
at com.cg.Test.TestCases.verifyHomeLoans(TestCases.java:85)
at com.cg.Test.TestCases.verifyHomeLoans(TestCases.java:85)
at com.cg.Test.TestCases.verifyHomeLoans(TestCases.java:85)
at com.cg.Test.TestCases.verifyHomeLoans(TestCases.java:85)
at com.cg.Test.TestCases.verifyHomeLoans(TestCases.java:85)
at com.cg.Test.TestCases.verifyHomeLoans(TestCases.java:85)
at com.cg.Test.TestCases.verifyHomeLoans(TestCases.java:85)
at com.cg.Test.TestCases.verifyHomeLoans(TestCases.java:85)
at com.cg.Test.TestCases.verifyHomeLoans(TestCases.java:85)
at com.cg.Test.TestCases.verifyHomeLoans(TestCases.java:85)
at com.cg.Test.TestCases.verifyHomeLoans(TestCases.java:85)
at com.cg.Test.TestCases.verifyHomeLoans(TestCases.java:85)
at com.cg.Test.TestCases.verifyHomeLoans(TestCases.java:85)
at com.cg.Test.TestCases.verifyHomeLoans(TestCases.java:85)
at com.cg.Test.TestCases.verifyHomeLoans(TestCases.java:85)
at com.cg.Test.TestCases.verifyHomeLoans(TestCases.java:85)
at com.cg.Test.TestCases.verifyHomeLoans(TestCases.java:85)
at com.cg.Test.TestCases.verifyHomeLoans(TestCases.java:85)
at com.cg.Test.TestCases.verifyHomeLoans(TestCases.java:85)
at com.cg.Test.TestCases.verifyHomeLoans(TestCases.java:85)
at com.cg.Test.TestCases.verifyHomeLoans(TestCases.java:85)
at com.cg.Test.TestCases.verifyHomeLoans(TestCases.java:85)
at com.cg.Test.TestCases.verifyHomeLoans(TestCases.java:85)
at com.cg.Test.TestCases.verifyHomeLoans(TestCases.java:85)
at com.cg.Test.TestCases.verifyHomeLoans(TestCases.java:85)
at com.cg.Test.TestCases.verifyHomeLoans(TestCases.java:85)
at com.cg.Test.TestCases.verifyHomeLoans(TestCases.java:85)
at com.cg.Test.TestCases.verifyHomeLoans(TestCases.java:85)
at com.cg.Test.TestCases.verifyHomeLoans(TestCases.java:85)
at com.cg.Test.TestCases.verifyHomeLoans(TestCases.java:85)
at com.cg.Test.TestCases.verifyHomeLoans(TestCases.java:85)
at com.cg.Test.TestCases.verifyHomeLoans(TestCases.java:85)
at com.cg.Test.TestCases.verifyHomeLoans(TestCases.java:85)
at com.cg.Test.TestCases.verifyHomeLoans(TestCases.java:85)
at com.cg.Test.TestCases.verifyHomeLoans(TestCases.java:85)
at com.cg.Test.TestCases.verifyHomeLoans(TestCases.java:85)
at com.cg.Test.TestCases.verifyHomeLoans(TestCases.java:85)
at com.cg.Test.TestCases.verifyHomeLoans(TestCases.java:85)
at com.cg.Test.TestCases.verifyHomeLoans(TestCases.java:85)
at com.cg.Test.TestCases.verifyHomeLoans(TestCases.java:85)
at com.cg.Test.TestCases.verifyHomeLoans(TestCases.java:85)
at com.cg.Test.TestCases.verifyHomeLoans(TestCases.java:85)
at com.cg.Test.TestCases.verifyHomeLoans(TestCases.java:85)
at com.cg.Test.TestCases.verifyHomeLoans(TestCases.java:85)
at com.cg.Test.TestCases.verifyHomeLoans(TestCases.java:85)
at com.cg.Test.TestCases.verifyHomeLoans(TestCases.java:85)
at com.cg.Test.TestCases.verifyHomeLoans(TestCases.java:85)
at com.cg.Test.TestCases.verifyHomeLoans(TestCases.java:85)
at com.cg.Test.TestCases.verifyHomeLoans(TestCases.java:85)
at com.cg.Test.TestCases.verifyHomeLoans(TestCases.java:85)
at com.cg.Test.TestCases.verifyHomeLoans(TestCases.java:85)
at com.cg.Test.TestCases.verifyHomeLoans(TestCases.java:85)
at com.cg.Test.TestCases.verifyHomeLoans(TestCases.java:85)
at com.cg.Test.TestCases.verifyHomeLoans(TestCases.java:85)
at com.cg.Test.TestCases.verifyHomeLoans(TestCases.java:85)
at com.cg.Test.TestCases.verifyHomeLoans(TestCases.java:85)
at com.cg.Test.TestCases.verifyHomeLoans(TestCases.java:85)
at com.cg.Test.TestCases.verifyHomeLoans(TestCases.java:85)
at com.cg.Test.TestCases.verifyHomeLoans(TestCases.java:85)
at com.cg.Test.TestCases.verifyHomeLoans(TestCases.java:85)
at com.cg.Test.TestCases.verifyHomeLoans(TestCases.java:85)
at com.cg.Test.TestCases.verifyHomeLoans(TestCases.java:85)
at com.cg.Test.TestCases.verifyHomeLoans(TestCases.java:85)
at com.cg.Test.TestCases.verifyHomeLoans(TestCases.java:85)
at com.cg.Test.TestCases.verifyHomeLoans(TestCases.java:85)
at com.cg.Test.TestCases.verifyHomeLoans(TestCases.java:85)
at com.cg.Test.TestCases.verifyHomeLoans(TestCases.java:85)
at com.cg.Test.TestCases.verifyHomeLoans(TestCases.java:85)
at com.cg.Test.TestCases.verifyHomeLoans(TestCases.java:85)
at com.cg.Test.TestCases.verifyHomeLoans(TestCases.java:85)
at com.cg.Test.TestCases.verifyHomeLoans(TestCases.java:85)
at com.cg.Test.TestCases.verifyHomeLoans(TestCases.java:85)
at com.cg.Test.TestCases.verifyHomeLoans(TestCases.java:85)
at com.cg.Test.TestCases.verifyHomeLoans(TestCases.java:85)
at com.cg.Test.TestCases.verifyHomeLoans(TestCases.java:85)
at com.cg.Test.TestCases.verifyHomeLoans(TestCases.java:85)
at com.cg.Test.TestCases.verifyHomeLoans(TestCases.java:85)
at com.cg.Test.TestCases.verifyHomeLoans(TestCases.java:85)
at com.cg.Test.TestCases.verifyHomeLoans(TestCases.java:85)
at com.cg.Test.TestCases.verifyHomeLoans(TestCases.java:85)
at com.cg.Test.TestCases.verifyHomeLoans(TestCases.java:85)
at com.cg.Test.TestCases.verifyHomeLoans(TestCases.java:85)
at com.cg.Test.TestCases.verifyHomeLoans(TestCases.java:85)
at com.cg.Test.TestCases.verifyHomeLoans(TestCases.java:85)
at com.cg.Test.TestCases.verifyHomeLoans(TestCases.java:85)
at com.cg.Test.TestCases.verifyHomeLoans(TestCases.java:85)
at com.cg.Test.TestCases.verifyHomeLoans(TestCases.java:85)
at com.cg.Test.TestCases.verifyHomeLoans(TestCases.java:85)
at com.cg.Test.TestCases.verifyHomeLoans(TestCases.java:85)
at com.cg.Test.TestCases.verifyHomeLoans(TestCases.java:85)
at com.cg.Test.TestCases.verifyHomeLoans(TestCases.java:85)
at com.cg.Test.TestCases.verifyHomeLoans(TestCases.java:85)
at com.cg.Test.TestCases.verifyHomeLoans(TestCases.java:85)
at com.cg.Test.TestCases.verifyHomeLoans(TestCases.java:85)
at com.cg.Test.TestCases.verifyHomeLoans(TestCases.java:85)
at com.cg.Test.TestCases.verifyHomeLoans(TestCases.java:85)
at com.cg.Test.TestCases.verifyHomeLoans(TestCases.java:85)
at com.cg.Test.TestCases.verifyHomeLoans(TestCases.java:85)
at com.cg.Test.TestCases.verifyHomeLoans(TestCases.java:85)
at com.cg.Test.TestCases.verifyHomeLoans(TestCases.java:85)
at com.cg.Test.TestCases.verifyHomeLoans(TestCases.java:85)
at com.cg.Test.TestCases.verifyHomeLoans(TestCases.java:85)
at com.cg.Test.TestCases.verifyHomeLoans(TestCases.java:85)
at com.cg.Test.TestCases.verifyHomeLoans(TestCases.java:85)
at com.cg.Test.TestCases.verifyHomeLoans(TestCases.java:85)
at com.cg.Test.TestCases.verifyHomeLoans(TestCases.java:85)
at com.cg.Test.TestCases.verifyHomeLoans(TestCases.java:85)
at com.cg.Test.TestCases.verifyHomeLoans(TestCases.java:85)
at com.cg.Test.TestCases.verifyHomeLoans(TestCases.java:85)
at com.cg.Test.TestCases.verifyHomeLoans(TestCases.java:85)
at com.cg.Test.TestCases.verifyHomeLoans(TestCases.java:85)
at com.cg.Test.TestCases.verifyHomeLoans(TestCases.java:85)
at com.cg.Test.TestCases.verifyHomeLoans(TestCases.java:85)
at com.cg.Test.TestCases.verifyHomeLoans(TestCases.java:85)
at com.cg.Test.TestCases.verifyHomeLoans(TestCases.java:85)
at com.cg.Test.TestCases.verifyHomeLoans(TestCases.java:85)
at com.cg.Test.TestCases.verifyHomeLoans(TestCases.java:85)
at com.cg.Test.TestCases.verifyHomeLoans(TestCases.java:85)
at com.cg.Test.TestCases.verifyHomeLoans(TestCases.java:85)
at com.cg.Test.TestCases.verifyHomeLoans(TestCases.java:85)
at com.cg.Test.TestCases.verifyHomeLoans(TestCases.java:85)
at com.cg.Test.TestCases.verifyHomeLoans(TestCases.java:85)
at com.cg.Test.TestCases.verifyHomeLoans(TestCases.java:85)
at com.cg.Test.TestCases.verifyHomeLoans(TestCases.java:85)
at com.cg.Test.TestCases.verifyHomeLoans(TestCases.java:85)
at com.cg.Test.TestCases.verifyHomeLoans(TestCases.java:85)
at com.cg.Test.TestCases.verifyHomeLoans(TestCases.java:85)
at com.cg.Test.TestCases.verifyHomeLoans(TestCases.java:85)
at com.cg.Test.TestCases.verifyHomeLoans(TestCases.java:85)
at com.cg.Test.TestCases.verifyHomeLoans(TestCases.java:85)
at com.cg.Test.TestCases.verifyHomeLoans(TestCases.java:85)
at com.cg.Test.TestCases.verifyHomeLoans(TestCases.java:85)
at com.cg.Test.TestCases.verifyHomeLoans(TestCases.java:85)
at com.cg.Test.TestCases.verifyHomeLoans(TestCases.java:85)
at com.cg.Test.TestCases.verifyHomeLoans(TestCases.java:85)
at com.cg.Test.TestCases.verifyHomeLoans(TestCases.java:85)
at com.cg.Test.TestCases.verifyHomeLoans(TestCases.java:85)
at com.cg.Test.TestCases.verifyHomeLoans(TestCases.java:85)
at com.cg.Test.TestCases.verifyHomeLoans(TestCases.java:85)
at com.cg.Test.TestCases.verifyHomeLoans(TestCases.java:85)
at com.cg.Test.TestCases.verifyHomeLoans(TestCases.java:85)
at com.cg.Test.TestCases.verifyHomeLoans(TestCases.java:85)
at com.cg.Test.TestCases.verifyHomeLoans(TestCases.java:85)
at com.cg.Test.TestCases.verifyHomeLoans(TestCases.java:85)
at com.cg.Test.TestCases.verifyHomeLoans(TestCases.java:85)
at com.cg.Test.TestCases.verifyHomeLoans(TestCases.java:85)
at com.cg.Test.TestCases.verifyHomeLoans(TestCases.java:85)
at com.cg.Test.TestCases.verifyHomeLoans(TestCases.java:85)
at com.cg.Test.TestCases.verifyHomeLoans(TestCases.java:85)
at com.cg.Test.TestCases.verifyHomeLoans(TestCases.java:85)
at com.cg.Test.TestCases.verifyHomeLoans(TestCases.java:85)
at com.cg.Test.TestCases.verifyHomeLoans(TestCases.java:85)
at com.cg.Test.TestCases.verifyHomeLoans(TestCases.java:85)
at com.cg.Test.TestCases.verifyHomeLoans(TestCases.java:85)
at com.cg.Test.TestCases.verifyHomeLoans(TestCases.java:85)
at com.cg.Test.TestCases.verifyHomeLoans(TestCases.java:85)
at com.cg.Test.TestCases.verifyHomeLoans(TestCases.java:85)
at com.cg.Test.TestCases.verifyHomeLoans(TestCases.java:85)
at com.cg.Test.TestCases.verifyHomeLoans(TestCases.java:85)
at com.cg.Test.TestCases.verifyHomeLoans(TestCases.java:85)
at com.cg.Test.TestCases.verifyHomeLoans(TestCases.java:85)
at com.cg.Test.TestCases.verifyHomeLoans(TestCases.java:85)
at com.cg.Test.TestCases.verifyHomeLoans(TestCases.java:85)
at com.cg.Test.TestCases.verifyHomeLoans(TestCases.java:85)
at com.cg.Test.TestCases.verifyHomeLoans(TestCases.java:85)
at com.cg.Test.TestCases.verifyHomeLoans(TestCases.java:85)
at com.cg.Test.TestCases.verifyHomeLoans(TestCases.java:85)
at com.cg.Test.TestCases.verifyHomeLoans(TestCases.java:85)
at com.cg.Test.TestCases.verifyHomeLoans(TestCases.java:85)
at com.cg.Test.TestCases.verifyHomeLoans(TestCases.java:85)
at com.cg.Test.TestCases.verifyHomeLoans(TestCases.java:85)
at com.cg.Test.TestCases.verifyHomeLoans(TestCases.java:85)
at com.cg.Test.TestCases.verifyHomeLoans(TestCases.java:85)
at com.cg.Test.TestCases.verifyHomeLoans(TestCases.java:85)
at com.cg.Test.TestCases.verifyHomeLoans(TestCases.java:85)
at com.cg.Test.TestCases.verifyHomeLoans(TestCases.java:85)
at com.cg.Test.TestCases.verifyHomeLoans(TestCases.java:85)
at com.cg.Test.TestCases.verifyHomeLoans(TestCases.java:85)
at com.cg.Test.TestCases.verifyHomeLoans(TestCases.java:85)
at com.cg.Test.TestCases.verifyHomeLoans(TestCases.java:85)
at com.cg.Test.TestCases.verifyHomeLoans(TestCases.java:85)
at com.cg.Test.TestCases.verifyHomeLoans(TestCases.java:85)
at com.cg.Test.TestCases.verifyHomeLoans(TestCases.java:85)
at com.cg.Test.TestCases.verifyHomeLoans(TestCases.java:85)
at com.cg.Test.TestCases.verifyHomeLoans(TestCases.java:85)
at com.cg.Test.TestCases.verifyHomeLoans(TestCases.java:85)
at com.cg.Test.TestCases.verifyHomeLoans(TestCases.java:85)
at com.cg.Test.TestCases.verifyHomeLoans(TestCases.java:85)
at com.cg.Test.TestCases.verifyHomeLoans(TestCases.java:85)
at com.cg.Test.TestCases.verifyHomeLoans(TestCases.java:85)
at com.cg.Test.TestCases.verifyHomeLoans(TestCases.java:85)
at com.cg.Test.TestCases.verifyHomeLoans(TestCases.java:85)
at com.cg.Test.TestCases.verifyHomeLoans(TestCases.java:85)
at com.cg.Test.TestCases.verifyHomeLoans(TestCases.java:85)
at com.cg.Test.TestCases.verifyHomeLoans(TestCases.java:85)
at com.cg.Test.TestCases.verifyHomeLoans(TestCases.java:85)
at com.cg.Test.TestCases.verifyHomeLoans(TestCases.java:85)
at com.cg.Test.TestCases.verifyHomeLoans(TestCases.java:85)
at com.cg.Test.TestCases.verifyHomeLoans(TestCases.java:85)
at com.cg.Test.TestCases.verifyHomeLoans(TestCases.java:85)
at com.cg.Test.TestCases.verifyHomeLoans(TestCases.java:85)
at com.cg.Test.TestCases.verifyHomeLoans(TestCases.java:85)
at com.cg.Test.TestCases.verifyHomeLoans(TestCases.java:85)
at com.cg.Test.TestCases.verifyHomeLoans(TestCases.java:85)
at com.cg.Test.TestCases.verifyHomeLoans(TestCases.java:85)
at com.cg.Test.TestCases.verifyHomeLoans(TestCases.java:85)
at com.cg.Test.TestCases.verifyHomeLoans(TestCases.java:85)
at com.cg.Test.TestCases.verifyHomeLoans(TestCases.java:85)
at com.cg.Test.TestCases.verifyHomeLoans(TestCases.java:85)
at com.cg.Test.TestCases.verifyHomeLoans(TestCases.java:85)
at com.cg.Test.TestCases.verifyHomeLoans(TestCases.java:85)
at com.cg.Test.TestCases.verifyHomeLoans(TestCases.java:85)
at com.cg.Test.TestCases.verifyHomeLoans(TestCases.java:85)
at com.cg.Test.TestCases.verifyHomeLoans(TestCases.java:85)
at com.cg.Test.TestCases.verifyHomeLoans(TestCases.java:85)
at com.cg.Test.TestCases.verifyHomeLoans(TestCases.java:85)
at com.cg.Test.TestCases.verifyHomeLoans(TestCases.java:85)
at com.cg.Test.TestCases.verifyHomeLoans(TestCases.java:85)
at com.cg.Test.TestCases.verifyHomeLoans(TestCases.java:85)
at com.cg.Test.TestCases.verifyHomeLoans(TestCases.java:85)
at com.cg.Test.TestCases.verifyHomeLoans(TestCases.java:85)
at com.cg.Test.TestCases.verifyHomeLoans(TestCases.java:85)
at com.cg.Test.TestCases.verifyHomeLoans(TestCases.java:85)
at com.cg.Test.TestCases.verifyHomeLoans(TestCases.java:85)
at com.cg.Test.TestCases.verifyHomeLoans(TestCases.java:85)
at com.cg.Test.TestCases.verifyHomeLoans(TestCases.java:85)
at com.cg.Test.TestCases.verifyHomeLoans(TestCases.java:85)
at com.cg.Test.TestCases.verifyHomeLoans(TestCases.java:85)
at com.cg.Test.TestCases.verifyHomeLoans(TestCases.java:85)
at com.cg.Test.TestCases.verifyHomeLoans(TestCases.java:85)
at com.cg.Test.TestCases.verifyHomeLoans(TestCases.java:85)
at com.cg.Test.TestCases.verifyHomeLoans(TestCases.java:85)
at com.cg.Test.TestCases.verifyHomeLoans(TestCases.java:85)
at com.cg.Test.TestCases.verifyHomeLoans(TestCases.java:85)
at com.cg.Test.TestCases.verifyHomeLoans(TestCases.java:85)
at com.cg.Test.TestCases.verifyHomeLoans(TestCases.java:85)
at com.cg.Test.TestCases.verifyHomeLoans(TestCases.java:85)
at com.cg.Test.TestCases.verifyHomeLoans(TestCases.java:85)
at com.cg.Test.TestCases.verifyHomeLoans(TestCases.java:85)
at com.cg.Test.TestCases.verifyHomeLoans(TestCases.java:85)
at com.cg.Test.TestCases.verifyHomeLoans(TestCases.java:85)
at com.cg.Test.TestCases.verifyHomeLoans(TestCases.java:85)
at com.cg.Test.TestCases.verifyHomeLoans(TestCases.java:85)
at com.cg.Test.TestCases.verifyHomeLoans(TestCases.java:85)
at com.cg.Test.TestCases.verifyHomeLoans(TestCases.java:85)
at com.cg.Test.TestCases.verifyHomeLoans(TestCases.java:85)
at com.cg.Test.TestCases.verifyHomeLoans(TestCases.java:85)
at com.cg.Test.TestCases.verifyHomeLoans(TestCases.java:85)
at com.cg.Test.TestCases.verifyHomeLoans(TestCases.java:85)
at com.cg.Test.TestCases.verifyHomeLoans(TestCases.java:85)
at com.cg.Test.TestCases.verifyHomeLoans(TestCases.java:85)
at com.cg.Test.TestCases.verifyHomeLoans(TestCases.java:85)
at com.cg.Test.TestCases.verifyHomeLoans(TestCases.java:85)
at com.cg.Test.TestCases.verifyHomeLoans(TestCases.java:85)
at com.cg.Test.TestCases.verifyHomeLoans(TestCases.java:85)
at com.cg.Test.TestCases.verifyHomeLoans(TestCases.java:85)
at com.cg.Test.TestCases.verifyHomeLoans(TestCases.java:85)
at com.cg.Test.TestCases.verifyHomeLoans(TestCases.java:85)
at com.cg.Test.TestCases.verifyHomeLoans(TestCases.java:85)
at com.cg.Test.TestCases.verifyHomeLoans(TestCases.java:85)
at com.cg.Test.TestCases.verifyHomeLoans(TestCases.java:85)
at com.cg.Test.TestCases.verifyHomeLoans(TestCases.java:85)
at com.cg.Test.TestCases.verifyHomeLoans(TestCases.java:85)
at com.cg.Test.TestCases.verifyHomeLoans(TestCases.java:85)
at com.cg.Test.TestCases.verifyHomeLoans(TestCases.java:85)
at com.cg.Test.TestCases.verifyHomeLoans(TestCases.java:85)
at com.cg.Test.TestCases.verifyHomeLoans(TestCases.java:85)
at com.cg.Test.TestCases.verifyHomeLoans(TestCases.java:85)
at com.cg.Test.TestCases.verifyHomeLoans(TestCases.java:85)
at com.cg.Test.TestCases.verifyHomeLoans(TestCases.java:85)
at com.cg.Test.TestCases.verifyHomeLoans(TestCases.java:85)
at com.cg.Test.TestCases.verifyHomeLoans(TestCases.java:85)
at com.cg.Test.TestCases.verifyHomeLoans(TestCases.java:85)
at com.cg.Test.TestCases.verifyHomeLoans(TestCases.java:85)
at com.cg.Test.TestCases.verifyHomeLoans(TestCases.java:85)
at com.cg.Test.TestCases.verifyHomeLoans(TestCases.java:85)
at com.cg.Test.TestCases.verifyHomeLoans(TestCases.java:85)
at com.cg.Test.TestCases.verifyHomeLoans(TestCases.java:85)
at com.cg.Test.TestCases.verifyHomeLoans(TestCases.java:85)
at com.cg.Test.TestCases.verifyHomeLoans(TestCases.java:85)
at com.cg.Test.TestCases.verifyHomeLoans(TestCases.java:85)
at com.cg.Test.TestCases.verifyHomeLoans(TestCases.java:85)
at com.cg.Test.TestCases.verifyHomeLoans(TestCases.java:85)
at com.cg.Test.TestCases.verifyHomeLoans(TestCases.java:85)
at com.cg.Test.TestCases.verifyHomeLoans(TestCases.java:85)
at com.cg.Test.TestCases.verifyHomeLoans(TestCases.java:85)
at com.cg.Test.TestCases.verifyHomeLoans(TestCases.java:85)
at com.cg.Test.TestCases.verifyHomeLoans(TestCases.java:85)
at com.cg.Test.TestCases.verifyHomeLoans(TestCases.java:85)
at com.cg.Test.TestCases.verifyHomeLoans(TestCases.java:85)
at com.cg.Test.TestCases.verifyHomeLoans(TestCases.java:85)
at com.cg.Test.TestCases.verifyHomeLoans(TestCases.java:85)
at com.cg.Test.TestCases.verifyHomeLoans(TestCases.java:85)
at com.cg.Test.TestCases.verifyHomeLoans(TestCases.java:85)
at com.cg.Test.TestCases.verifyHomeLoans(TestCases.java:85)
at com.cg.Test.TestCases.verifyHomeLoans(TestCases.java:85)
at com.cg.Test.TestCases.verifyHomeLoans(TestCases.java:85)
at com.cg.Test.TestCases.verifyHomeLoans(TestCases.java:85)
at com.cg.Test.TestCases.verifyHomeLoans(TestCases.java:85)
at com.cg.Test.TestCases.verifyHomeLoans(TestCases.java:85)
at com.cg.Test.TestCases.verifyHomeLoans(TestCases.java:85)
at com.cg.Test.TestCases.verifyHomeLoans(TestCases.java:85)
at com.cg.Test.TestCases.verifyHomeLoans(TestCases.java:85)
at com.cg.Test.TestCases.verifyHomeLoans(TestCases.java:85)
at com.cg.Test.TestCases.verifyHomeLoans(TestCases.java:85)
at com.cg.Test.TestCases.verifyHomeLoans(TestCases.java:85)
at com.cg.Test.TestCases.verifyHomeLoans(TestCases.java:85)
at com.cg.Test.TestCases.verifyHomeLoans(TestCases.java:85)
at com.cg.Test.TestCases.verifyHomeLoans(TestCases.java:85)
at com.cg.Test.TestCases.verifyHomeLoans(TestCases.java:85)
at com.cg.Test.TestCases.verifyHomeLoans(TestCases.java:85)
at com.cg.Test.TestCases.verifyHomeLoans(TestCases.java:85)
at com.cg.Test.TestCases.verifyHomeLoans(TestCases.java:85)
at com.cg.Test.TestCases.verifyHomeLoans(TestCases.java:85)
at com.cg.Test.TestCases.verifyHomeLoans(TestCases.java:85)
at com.cg.Test.TestCases.verifyHomeLoans(TestCases.java:85)
at com.cg.Test.TestCases.verifyHomeLoans(TestCases.java:85)
at com.cg.Test.TestCases.verifyHomeLoans(TestCases.java:85)
at com.cg.Test.TestCases.verifyHomeLoans(TestCases.java:85)
at com.cg.Test.TestCases.verifyHomeLoans(TestCases.java:85)
at com.cg.Test.TestCases.verifyHomeLoans(TestCases.java:85)
at com.cg.Test.TestCases.verifyHomeLoans(TestCases.java:85)
at com.cg.Test.TestCases.verifyHomeLoans(TestCases.java:85)
at com.cg.Test.TestCases.verifyHomeLoans(TestCases.java:85)
at com.cg.Test.TestCases.verifyHomeLoans(TestCases.java:85)
at com.cg.Test.TestCases.verifyHomeLoans(TestCases.java:85)
at com.cg.Test.TestCases.verifyHomeLoans(TestCases.java:85)
at com.cg.Test.TestCases.verifyHomeLoans(TestCases.java:85)
at com.cg.Test.TestCases.verifyHomeLoans(TestCases.java:85)
at com.cg.Test.TestCases.verifyHomeLoans(TestCases.java:85)
at com.cg.Test.TestCases.verifyHomeLoans(TestCases.java:85)
at com.cg.Test.TestCases.verifyHomeLoans(TestCases.java:85)
at com.cg.Test.TestCases.verifyHomeLoans(TestCases.java:85)
at com.cg.Test.TestCases.verifyHomeLoans(TestCases.java:85)
at com.cg.Test.TestCases.verifyHomeLoans(TestCases.java:85)
at com.cg.Test.TestCases.verifyHomeLoans(TestCases.java:85)
at com.cg.Test.TestCases.verifyHomeLoans(TestCases.java:85)
at com.cg.Test.TestCases.verifyHomeLoans(TestCases.java:85)
at com.cg.Test.TestCases.verifyHomeLoans(TestCases.java:85)
at com.cg.Test.TestCases.verifyHomeLoans(TestCases.java:85)
at com.cg.Test.TestCases.verifyHomeLoans(TestCases.java:85)
at com.cg.Test.TestCases.verifyHomeLoans(TestCases.java:85)
at com.cg.Test.TestCases.verifyHomeLoans(TestCases.java:85)
at com.cg.Test.TestCases.verifyHomeLoans(TestCases.java:85)
at com.cg.Test.TestCases.verifyHomeLoans(TestCases.java:85)
at com.cg.Test.TestCases.verifyHomeLoans(TestCases.java:85)
at com.cg.Test.TestCases.verifyHomeLoans(TestCases.java:85)
at com.cg.Test.TestCases.verifyHomeLoans(TestCases.java:85)
at com.cg.Test.TestCases.verifyHomeLoans(TestCases.java:85)
at com.cg.Test.TestCases.verifyHomeLoans(TestCases.java:85)
at com.cg.Test.TestCases.verifyHomeLoans(TestCases.java:85)
at com.cg.Test.TestCases.verifyHomeLoans(TestCases.java:85)
at com.cg.Test.TestCases.verifyHomeLoans(TestCases.java:85)
at com.cg.Test.TestCases.verifyHomeLoans(TestCases.java:85)
at com.cg.Test.TestCases.verifyHomeLoans(TestCases.java:85)
at com.cg.Test.TestCases.verifyHomeLoans(TestCases.java:85)
at com.cg.Test.TestCases.verifyHomeLoans(TestCases.java:85)
at com.cg.Test.TestCases.verifyHomeLoans(TestCases.java:85)
at com.cg.Test.TestCases.verifyHomeLoans(TestCases.java:85)
at com.cg.Test.TestCases.verifyHomeLoans(TestCases.java:85)
at com.cg.Test.TestCases.verifyHomeLoans(TestCases.java:85)
at com.cg.Test.TestCases.verifyHomeLoans(TestCases.java:85)
at com.cg.Test.TestCases.verifyHomeLoans(TestCases.java:85)
at com.cg.Test.TestCases.verifyHomeLoans(TestCases.java:85)
at com.cg.Test.TestCases.verifyHomeLoans(TestCases.java:85)
at com.cg.Test.TestCases.verifyHomeLoans(TestCases.java:85)
at com.cg.Test.TestCases.verifyHomeLoans(TestCases.java:85)
at com.cg.Test.TestCases.verifyHomeLoans(TestCases.java:85)
at com.cg.Test.TestCases.verifyHomeLoans(TestCases.java:85)
at com.cg.Test.TestCases.verifyHomeLoans(TestCases.java:85)
at com.cg.Test.TestCases.verifyHomeLoans(TestCases.java:85)
at com.cg.Test.TestCases.verifyHomeLoans(TestCases.java:85)
at com.cg.Test.TestCases.verifyHomeLoans(TestCases.java:85)
at com.cg.Test.TestCases.verifyHomeLoans(TestCases.java:85)
at com.cg.Test.TestCases.verifyHomeLoans(TestCases.java:85)
at com.cg.Test.TestCases.verifyHomeLoans(TestCases.java:85)
at com.cg.Test.TestCases.verifyHomeLoans(TestCases.java:85)
at com.cg.Test.TestCases.verifyHomeLoans(TestCases.java:85)
at com.cg.Test.TestCases.verifyHomeLoans(TestCases.java:85)
at com.cg.Test.TestCases.verifyHomeLoans(TestCases.java:85)
at com.cg.Test.TestCases.verifyHomeLoans(TestCases.java:85)
at com.cg.Test.TestCases.verifyHomeLoans(TestCases.java:85)
at com.cg.Test.TestCases.verifyHomeLoans(TestCases.java:85)
at com.cg.Test.TestCases.verifyHomeLoans(TestCases.java:85)
at com.cg.Test.TestCases.verifyHomeLoans(TestCases.java:85)
at com.cg.Test.TestCases.verifyHomeLoans(TestCases.java:85)
at com.cg.Test.TestCases.verifyHomeLoans(TestCases.java:85)
at com.cg.Test.TestCases.verifyHomeLoans(TestCases.java:85)
at com.cg.Test.TestCases.verifyHomeLoans(TestCases.java:85)
at com.cg.Test.TestCases.verifyHomeLoans(TestCases.java:85)
at com.cg.Test.TestCases.verifyHomeLoans(TestCases.java:85)
at com.cg.Test.TestCases.verifyHomeLoans(TestCases.java:85)
at com.cg.Test.TestCases.verifyHomeLoans(TestCases.java:85)
at com.cg.Test.TestCases.verifyHomeLoans(TestCases.java:85)
at com.cg.Test.TestCases.verifyHomeLoans(TestCases.java:85)
at com.cg.Test.TestCases.verifyHomeLoans(TestCases.java:85)
at com.cg.Test.TestCases.verifyHomeLoans(TestCases.java:85)
at com.cg.Test.TestCases.verifyHomeLoans(TestCases.java:85)
at com.cg.Test.TestCases.verifyHomeLoans(TestCases.java:85)
at com.cg.Test.TestCases.verifyHomeLoans(TestCases.java:85)
at com.cg.Test.TestCases.verifyHomeLoans(TestCases.java:85)
at com.cg.Test.TestCases.verifyHomeLoans(TestCases.java:85)
at com.cg.Test.TestCases.verifyHomeLoans(TestCases.java:85)
at com.cg.Test.TestCases.verifyHomeLoans(TestCases.java:85)
at com.cg.Test.TestCases.verifyHomeLoans(TestCases.java:85)
at com.cg.Test.TestCases.verifyHomeLoans(TestCases.java:85)
at com.cg.Test.TestCases.verifyHomeLoans(TestCases.java:85)
at com.cg.Test.TestCases.verifyHomeLoans(TestCases.java:85)
at com.cg.Test.TestCases.verifyHomeLoans(TestCases.java:85)
at com.cg.Test.TestCases.verifyHomeLoans(TestCases.java:85)
at com.cg.Test.TestCases.verifyHomeLoans(TestCases.java:85)
at com.cg.Test.TestCases.verifyHomeLoans(TestCases.java:85)
at com.cg.Test.TestCases.verifyHomeLoans(TestCases.java:85)
at com.cg.Test.TestCases.verifyHomeLoans(TestCases.java:85)
at com.cg.Test.TestCases.verifyHomeLoans(TestCases.java:85)
at com.cg.Test.TestCases.verifyHomeLoans(TestCases.java:85)
at com.cg.Test.TestCases.verifyHomeLoans(TestCases.java:85)
at com.cg.Test.TestCases.verifyHomeLoans(TestCases.java:85)
at com.cg.Test.TestCases.verifyHomeLoans(TestCases.java:85)
at com.cg.Test.TestCases.verifyHomeLoans(TestCases.java:85)
at com.cg.Test.TestCases.verifyHomeLoans(TestCases.java:85)
at com.cg.Test.TestCases.verifyHomeLoans(TestCases.java:85)
at com.cg.Test.TestCases.verifyHomeLoans(TestCases.java:85)
at com.cg.Test.TestCases.verifyHomeLoans(TestCases.java:85)
at com.cg.Test.TestCases.verifyHomeLoans(TestCases.java:85)
at com.cg.Test.TestCases.verifyHomeLoans(TestCases.java:85)
at com.cg.Test.TestCases.verifyHomeLoans(TestCases.java:85)
at com.cg.Test.TestCases.verifyHomeLoans(TestCases.java:85)
at com.cg.Test.TestCases.verifyHomeLoans(TestCases.java:85)
at com.cg.Test.TestCases.verifyHomeLoans(TestCases.java:85)
at com.cg.Test.TestCases.verifyHomeLoans(TestCases.java:85)
at com.cg.Test.TestCases.verifyHomeLoans(TestCases.java:85)
at com.cg.Test.TestCases.verifyHomeLoans(TestCases.java:85)
at com.cg.Test.TestCases.verifyHomeLoans(TestCases.java:85)
at com.cg.Test.TestCases.verifyHomeLoans(TestCases.java:85)
at com.cg.Test.TestCases.verifyHomeLoans(TestCases.java:85)
at com.cg.Test.TestCases.verifyHomeLoans(TestCases.java:85)
at com.cg.Test.TestCases.verifyHomeLoans(TestCases.java:85)
at com.cg.Test.TestCases.verifyHomeLoans(TestCases.java:85)
at com.cg.Test.TestCases.verifyHomeLoans(TestCases.java:85)
at com.cg.Test.TestCases.verifyHomeLoans(TestCases.java:85)
at com.cg.Test.TestCases.verifyHomeLoans(TestCases.java:85)
at com.cg.Test.TestCases.verifyHomeLoans(TestCases.java:85)
at com.cg.Test.TestCases.verifyHomeLoans(TestCases.java:85)
at com.cg.Test.TestCases.verifyHomeLoans(TestCases.java:85)
at com.cg.Test.TestCases.verifyHomeLoans(TestCases.java:85)
at com.cg.Test.TestCases.verifyHomeLoans(TestCases.java:85)
at com.cg.Test.TestCases.verifyHomeLoans(TestCases.java:85)
at com.cg.Test.TestCases.verifyHomeLoans(TestCases.java:85)
at com.cg.Test.TestCases.verifyHomeLoans(TestCases.java:85)
at com.cg.Test.TestCases.verifyHomeLoans(TestCases.java:85)
at com.cg.Test.TestCases.verifyHomeLoans(TestCases.java:85)
at com.cg.Test.TestCases.verifyHomeLoans(TestCases.java:85)
at com.cg.Test.TestCases.verifyHomeLoans(TestCases.java:85)
at com.cg.Test.TestCases.verifyHomeLoans(TestCases.java:85)
at com.cg.Test.TestCases.verifyHomeLoans(TestCases.java:85)
at com.cg.Test.TestCases.verifyHomeLoans(TestCases.java:85)
at com.cg.Test.TestCases.verifyHomeLoans(TestCases.java:85)
at com.cg.Test.TestCases.verifyHomeLoans(TestCases.java:85)
at com.cg.Test.TestCases.verifyHomeLoans(TestCases.java:85)
at com.cg.Test.TestCases.verifyHomeLoans(TestCases.java:85)
at com.cg.Test.TestCases.verifyHomeLoans(TestCases.java:85)
at com.cg.Test.TestCases.verifyHomeLoans(TestCases.java:85)
at com.cg.Test.TestCases.verifyHomeLoans(TestCases.java:85)
at com.cg.Test.TestCases.verifyHomeLoans(TestCases.java:85)
at com.cg.Test.TestCases.verifyHomeLoans(TestCases.java:85)
at com.cg.Test.TestCases.verifyHomeLoans(TestCases.java:85)
at com.cg.Test.TestCases.verifyHomeLoans(TestCases.java:85)
at com.cg.Test.TestCases.verifyHomeLoans(TestCases.java:85)
at com.cg.Test.TestCases.verifyHomeLoans(TestCases.java:85)
at com.cg.Test.TestCases.verifyHomeLoans(TestCases.java:85)
at com.cg.Test.TestCases.verifyHomeLoans(TestCases.java:85)
at com.cg.Test.TestCases.verifyHomeLoans(TestCases.java:85)
at com.cg.Test.TestCases.verifyHomeLoans(TestCases.java:85)
at com.cg.Test.TestCases.verifyHomeLoans(TestCases.java:85)
at com.cg.Test.TestCases.verifyHomeLoans(TestCases.java:85)
at com.cg.Test.TestCases.verifyHomeLoans(TestCases.java:85)
at com.cg.Test.TestCases.verifyHomeLoans(TestCases.java:85)
at com.cg.Test.TestCases.verifyHomeLoans(TestCases.java:85)
at com.cg.Test.TestCases.verifyHomeLoans(TestCases.java:85)
at com.cg.Test.TestCases.verifyHomeLoans(TestCases.java:85)
at com.cg.Test.TestCases.verifyHomeLoans(TestCases.java:85)
at com.cg.Test.TestCases.verifyHomeLoans(TestCases.java:85)
at com.cg.Test.TestCases.verifyHomeLoans(TestCases.java:85)
at com.cg.Test.TestCases.verifyHomeLoans(TestCases.java:85)
at com.cg.Test.TestCases.verifyHomeLoans(TestCases.java:85)
at com.cg.Test.TestCases.verifyHomeLoans(TestCases.java:85)
at com.cg.Test.TestCases.verifyHomeLoans(TestCases.java:85)
at com.cg.Test.TestCases.verifyHomeLoans(TestCases.java:85)
at com.cg.Test.TestCases.verifyHomeLoans(TestCases.java:85)
at com.cg.Test.TestCases.verifyHomeLoans(TestCases.java:85)
at com.cg.Test.TestCases.verifyHomeLoans(TestCases.java:85)
at com.cg.Test.TestCases.verifyHomeLoans(TestCases.java:85)
at com.cg.Test.TestCases.verifyHomeLoans(TestCases.java:85)
at com.cg.Test.TestCases.verifyHomeLoans(TestCases.java:85)
at com.cg.Test.TestCases.verifyHomeLoans(TestCases.java:85)
at com.cg.Test.TestCases.verifyHomeLoans(TestCases.java:85)
at com.cg.Test.TestCases.verifyHomeLoans(TestCases.java:85)
at com.cg.Test.TestCases.verifyHomeLoans(TestCases.java:85)
at com.cg.Test.TestCases.verifyHomeLoans(TestCases.java:85)
at com.cg.Test.TestCases.verifyHomeLoans(TestCases.java:85)
at com.cg.Test.TestCases.verifyHomeLoans(TestCases.java:85)
at com.cg.Test.TestCases.verifyHomeLoans(TestCases.java:85)
at com.cg.Test.TestCases.verifyHomeLoans(TestCases.java:85)
at com.cg.Test.TestCases.verifyHomeLoans(TestCases.java:85)
at com.cg.Test.TestCases.verifyHomeLoans(TestCases.java:85)
at com.cg.Test.TestCases.verifyHomeLoans(TestCases.java:85)
at com.cg.Test.TestCases.verifyHomeLoans(TestCases.java:85)
at com.cg.Test.TestCases.verifyHomeLoans(TestCases.java:85)
at com.cg.Test.TestCases.verifyHomeLoans(TestCases.java:85)
at com.cg.Test.TestCases.verifyHomeLoans(TestCases.java:85)
at com.cg.Test.TestCases.verifyHomeLoans(TestCases.java:85)
at com.cg.Test.TestCases.verifyHomeLoans(TestCases.java:85)
at com.cg.Test.TestCases.verifyHomeLoans(TestCases.java:85)
at com.cg.Test.TestCases.verifyHomeLoans(TestCases.java:85)
at com.cg.Test.TestCases.verifyHomeLoans(TestCases.java:85)
at com.cg.Test.TestCases.verifyHomeLoans(TestCases.java:85)
at com.cg.Test.TestCases.verifyHomeLoans(TestCases.java:85)
at com.cg.Test.TestCases.verifyHomeLoans(TestCases.java:85)
at com.cg.Test.TestCases.verifyHomeLoans(TestCases.java:85)
at com.cg.Test.TestCases.verifyHomeLoans(TestCases.java:85)
at com.cg.Test.TestCases.verifyHomeLoans(TestCases.java:85)
at com.cg.Test.TestCases.verifyHomeLoans(TestCases.java:85)
at com.cg.Test.TestCases.verifyHomeLoans(TestCases.java:85)
at com.cg.Test.TestCases.verifyHomeLoans(TestCases.java:85)
at com.cg.Test.TestCases.verifyHomeLoans(TestCases.java:85)
at com.cg.Test.TestCases.verifyHomeLoans(TestCases.java:85)
at com.cg.Test.TestCases.verifyHomeLoans(TestCases.java:85)
at com.cg.Test.TestCases.verifyHomeLoans(TestCases.java:85)
at com.cg.Test.TestCases.verifyHomeLoans(TestCases.java:85)
at com.cg.Test.TestCases.verifyHomeLoans(TestCases.java:85)
at com.cg.Test.TestCases.verifyHomeLoans(TestCases.java:85)
at com.cg.Test.TestCases.verifyHomeLoans(TestCases.java:85)
at com.cg.Test.TestCases.verifyHomeLoans(TestCases.java:85)
at com.cg.Test.TestCases.verifyHomeLoans(TestCases.java:85)
at com.cg.Test.TestCases.verifyHomeLoans(TestCases.java:85)
at com.cg.Test.TestCases.verifyHomeLoans(TestCases.java:85)
at com.cg.Test.TestCases.verifyHomeLoans(TestCases.java:85)
at com.cg.Test.TestCases.verifyHomeLoans(TestCases.java:85)
at com.cg.Test.TestCases.verifyHomeLoans(TestCases.java:85)
at com.cg.Test.TestCases.verifyHomeLoans(TestCases.java:85)
at com.cg.Test.TestCases.verifyHomeLoans(TestCases.java:85)
at com.cg.Test.TestCases.verifyHomeLoans(TestCases.java:85)
at com.cg.Test.TestCases.verifyHomeLoans(TestCases.java:85)
at com.cg.Test.TestCases.verifyHomeLoans(TestCases.java:85)
at com.cg.Test.TestCases.verifyHomeLoans(TestCases.java:85)
at com.cg.Test.TestCases.verifyHomeLoans(TestCases.java:85)
at com.cg.Test.TestCases.verifyHomeLoans(TestCases.java:85)
at com.cg.Test.TestCases.verifyHomeLoans(TestCases.java:85)
at com.cg.Test.TestCases.verifyHomeLoans(TestCases.java:85)
at com.cg.Test.TestCases.verifyHomeLoans(TestCases.java:85)
at com.cg.Test.TestCases.verifyHomeLoans(TestCases.java:85)
at com.cg.Test.TestCases.verifyHomeLoans(TestCases.java:85)
at com.cg.Test.TestCases.verifyHomeLoans(TestCases.java:85)
at com.cg.Test.TestCases.verifyHomeLoans(TestCases.java:85)
at com.cg.Test.TestCases.verifyHomeLoans(TestCases.java:85)
at com.cg.Test.TestCases.verifyHomeLoans(TestCases.java:85)
at com.cg.Test.TestCases.verifyHomeLoans(TestCases.java:85)
at com.cg.Test.TestCases.verifyHomeLoans(TestCases.java:85)
at com.cg.Test.TestCases.verifyHomeLoans(TestCases.java:85)
at com.cg.Test.TestCases.verifyHomeLoans(TestCases.java:85)
at com.cg.Test.TestCases.verifyHomeLoans(TestCases.java:85)
at com.cg.Test.TestCases.verifyHomeLoans(TestCases.java:85)
at com.cg.Test.TestCases.verifyHomeLoans(TestCases.java:85)
at com.cg.Test.TestCases.verifyHomeLoans(TestCases.java:85)
at com.cg.Test.TestCases.verifyHomeLoans(TestCases.java:85)
at com.cg.Test.TestCases.verifyHomeLoans(TestCases.java:85)
at com.cg.Test.TestCases.verifyHomeLoans(TestCases.java:85)
at com.cg.Test.TestCases.verifyHomeLoans(TestCases.java:85)
at com.cg.Test.TestCases.verifyHomeLoans(TestCases.java:85)
at com.cg.Test.TestCases.verifyHomeLoans(TestCases.java:85)
at com.cg.Test.TestCases.verifyHomeLoans(TestCases.java:85)
at com.cg.Test.TestCases.verifyHomeLoans(TestCases.java:85)
at com.cg.Test.TestCases.verifyHomeLoans(TestCases.java:85)
at com.cg.Test.TestCases.verifyHomeLoans(TestCases.java:85)
at com.cg.Test.TestCases.verifyHomeLoans(TestCases.java:85)
at com.cg.Test.TestCases.verifyHomeLoans(TestCases.java:85)
at com.cg.Test.TestCases.verifyHomeLoans(TestCases.java:85)
at com.cg.Test.TestCases.verifyHomeLoans(TestCases.java:85)
at com.cg.Test.TestCases.verifyHomeLoans(TestCases.java:85)
at com.cg.Test.TestCases.verifyHomeLoans(TestCases.java:85)
at com.cg.Test.TestCases.verifyHomeLoans(TestCases.java:85)
at com.cg.Test.TestCases.verifyHomeLoans(TestCases.java:85)
at com.cg.Test.TestCases.verifyHomeLoans(TestCases.java:85)
at com.cg.Test.TestCases.verifyHomeLoans(TestCases.java:85)
at com.cg.Test.TestCases.verifyHomeLoans(TestCases.java:85)
at com.cg.Test.TestCases.verifyHomeLoans(TestCases.java:85)
at com.cg.Test.TestCases.verifyHomeLoans(TestCases.java:85)
at com.cg.Test.TestCases.verifyHomeLoans(TestCases.java:85)
at com.cg.Test.TestCases.verifyHomeLoans(TestCases.java:85)
at com.cg.Test.TestCases.verifyHomeLoans(TestCases.java:85)
at com.cg.Test.TestCases.verifyHomeLoans(TestCases.java:85)
at com.cg.Test.TestCases.verifyHomeLoans(TestCases.java:85)
at com.cg.Test.TestCases.verifyHomeLoans(TestCases.java:85)
at com.cg.Test.TestCases.verifyHomeLoans(TestCases.java:85)
at com.cg.Test.TestCases.verifyHomeLoans(TestCases.java:85)
at com.cg.Test.TestCases.verifyHomeLoans(TestCases.java:85)
at com.cg.Test.TestCases.verifyHomeLoans(TestCases.java:85)
at com.cg.Test.TestCases.verifyHomeLoans(TestCases.java:85)
at com.cg.Test.TestCases.verifyHomeLoans(TestCases.java:85)
at com.cg.Test.TestCases.verifyHomeLoans(TestCases.java:85)
at com.cg.Test.TestCases.verifyHomeLoans(TestCases.java:85)
at com.cg.Test.TestCases.verifyHomeLoans(TestCases.java:85)
at com.cg.Test.TestCases.verifyHomeLoans(TestCases.java:85)
at com.cg.Test.TestCases.verifyHomeLoans(TestCases.java:85)
at com.cg.Test.TestCases.verifyHomeLoans(TestCases.java:85)
at com.cg.Test.TestCases.verifyHomeLoans(TestCases.java:85)
at com.cg.Test.TestCases.verifyHomeLoans(TestCases.java:85)
at com.cg.Test.TestCases.verifyHomeLoans(TestCases.java:85)
at com.cg.Test.TestCases.verifyHomeLoans(TestCases.java:85)
at com.cg.Test.TestCases.verifyHomeLoans(TestCases.java:85)
at com.cg.Test.TestCases.verifyHomeLoans(TestCases.java:85)
at com.cg.Test.TestCases.verifyHomeLoans(TestCases.java:85)
at com.cg.Test.TestCases.verifyHomeLoans(TestCases.java:85)
at com.cg.Test.TestCases.verifyHomeLoans(TestCases.java:85)
at com.cg.Test.TestCases.verifyHomeLoans(TestCases.java:85)
at com.cg.Test.TestCases.verifyHomeLoans(TestCases.java:85)
at com.cg.Test.TestCases.verifyHomeLoans(TestCases.java:85)
at com.cg.Test.TestCases.verifyHomeLoans(TestCases.java:85)
at com.cg.Test.TestCases.verifyHomeLoans(TestCases.java:85)
at com.cg.Test.TestCases.verifyHomeLoans(TestCases.java:85)
at com.cg.Test.TestCases.verifyHomeLoans(TestCases.java:85)
at com.cg.Test.TestCases.verifyHomeLoans(TestCases.java:85)
at com.cg.Test.TestCases.verifyHomeLoans(TestCases.java:85)
at com.cg.Test.TestCases.verifyHomeLoans(TestCases.java:85)
at com.cg.Test.TestCases.verifyHomeLoans(TestCases.java:85)
at com.cg.Test.TestCases.verifyHomeLoans(TestCases.java:85)
at com.cg.Test.TestCases.verifyHomeLoans(TestCases.java:85)
at com.cg.Test.TestCases.verifyHomeLoans(TestCases.java:85)
at com.cg.Test.TestCases.verifyHomeLoans(TestCases.java:85)
at com.cg.Test.TestCases.verifyHomeLoans(TestCases.java:85)
at com.cg.Test.TestCases.verifyHomeLoans(TestCases.java:85)
at com.cg.Test.TestCases.verifyHomeLoans(TestCases.java:85)
at com.cg.Test.TestCases.verifyHomeLoans(TestCases.java:85)
at com.cg.Test.TestCases.verifyHomeLoans(TestCases.java:85)
at com.cg.Test.TestCases.verifyHomeLoans(TestCases.java:85)
at com.cg.Test.TestCases.verifyHomeLoans(TestCases.java:85)
at com.cg.Test.TestCases.verifyHomeLoans(TestCases.java:85)
at com.cg.Test.TestCases.verifyHomeLoans(TestCases.java:85)
at com.cg.Test.TestCases.verifyHomeLoans(TestCases.java:85)
at com.cg.Test.TestCases.verifyHomeLoans(TestCases.java:85)
at com.cg.Test.TestCases.verifyHomeLoans(TestCases.java:85)
at com.cg.Test.TestCases.verifyHomeLoans(TestCases.java:85)
at com.cg.Test.TestCases.verifyHomeLoans(TestCases.java:85)
at com.cg.Test.TestCases.verifyHomeLoans(TestCases.java:85)
at com.cg.Test.TestCases.verifyHomeLoans(TestCases.java:85)
at com.cg.Test.TestCases.verifyHomeLoans(TestCases.java:85)
at com.cg.Test.TestCases.verifyHomeLoans(TestCases.java:85)
at com.cg.Test.TestCases.verifyHomeLoans(TestCases.java:85)
at com.cg.Test.TestCases.verifyHomeLoans(TestCases.java:85)
at com.cg.Test.TestCases.verifyHomeLoans(TestCases.java:85)
at com.cg.Test.TestCases.verifyHomeLoans(TestCases.java:85)
at com.cg.Test.TestCases.verifyHomeLoans(TestCases.java:85)
at com.cg.Test.TestCases.verifyHomeLoans(TestCases.java:85)
at com.cg.Test.TestCases.verifyHomeLoans(TestCases.java:85)
at com.cg.Test.TestCases.verifyHomeLoans(TestCases.java:85)
at com.cg.Test.TestCases.verifyHomeLoans(TestCases.java:85)
at com.cg.Test.TestCases.verifyHomeLoans(TestCases.java:85)
at com.cg.Test.TestCases.verifyHomeLoans(TestCases.java:85)
at com.cg.Test.TestCases.verifyHomeLoans(TestCases.java:85)
at com.cg.Test.TestCases.verifyHomeLoans(TestCases.java:85)
at com.cg.Test.TestCases.verifyHomeLoans(TestCases.java:85)
at com.cg.Test.TestCases.verifyHomeLoans(TestCases.java:85)
at com.cg.Test.TestCases.verifyHomeLoans(TestCases.java:85)
at com.cg.Test.TestCases.verifyHomeLoans(TestCases.java:85)
at com.cg.Test.TestCases.verifyHomeLoans(TestCases.java:85)
at com.cg.Test.TestCases.verifyHomeLoans(TestCases.java:85)
at com.cg.Test.TestCases.verifyHomeLoans(TestCases.java:85)
at com.cg.Test.TestCases.verifyHomeLoans(TestCases.java:85)
at com.cg.Test.TestCases.verifyHomeLoans(TestCases.java:85)
at com.cg.Test.TestCases.verifyHomeLoans(TestCases.java:85)
at com.cg.Test.TestCases.verifyHomeLoans(TestCases.java:85)
at com.cg.Test.TestCases.verifyHomeLoans(TestCases.java:85)
at com.cg.Test.TestCases.verifyHomeLoans(TestCases.java:85)
at com.cg.Test.TestCases.verifyHomeLoans(TestCases.java:85)
at com.cg.Test.TestCases.verifyHomeLoans(TestCases.java:85)
at com.cg.Test.TestCases.verifyHomeLoans(TestCases.java:85)
at com.cg.Test.TestCases.verifyHomeLoans(TestCases.java:85)
at com.cg.Test.TestCases.verifyHomeLoans(TestCases.java:85)
at com.cg.Test.TestCases.verifyHomeLoans(TestCases.java:85)
at com.cg.Test.TestCases.verifyHomeLoans(TestCases.java:85)
at com.cg.Test.TestCases.verifyHomeLoans(TestCases.java:85)
at com.cg.Test.TestCases.verifyHomeLoans(TestCases.java:85)
at com.cg.Test.TestCases.verifyHomeLoans(TestCases.java:85)
at com.cg.Test.TestCases.verifyHomeLoans(TestCases.java:85)
at com.cg.Test.TestCases.verifyHomeLoans(TestCases.java:85)
at com.cg.Test.TestCases.verifyHomeLoans(TestCases.java:85)
at com.cg.Test.TestCases.verifyHomeLoans(TestCases.java:85)
at com.cg.Test.TestCases.verifyHomeLoans(TestCases.java:85)
at com.cg.Test.TestCases.verifyHomeLoans(TestCases.java:85)
at com.cg.Test.TestCases.verifyHomeLoans(TestCases.java:85)
at com.cg.Test.TestCases.verifyHomeLoans(TestCases.java:85)
at com.cg.Test.TestCases.verifyHomeLoans(TestCases.java:85)
at com.cg.Test.TestCases.verifyHomeLoans(TestCases.java:85)
at com.cg.Test.TestCases.verifyHomeLoans(TestCases.java:85)
at com.cg.Test.TestCases.verifyHomeLoans(TestCases.java:85)
at com.cg.Test.TestCases.verifyHomeLoans(TestCases.java:85)
at com.cg.Test.TestCases.verifyHomeLoans(TestCases.java:85)
at com.cg.Test.TestCases.verifyHomeLoans(TestCases.java:85)
at com.cg.Test.TestCases.verifyHomeLoans(TestCases.java:85)
at com.cg.Test.TestCases.verifyHomeLoans(TestCases.java:85)
at com.cg.Test.TestCases.verifyHomeLoans(TestCases.java:85)
at com.cg.Test.TestCases.verifyHomeLoans(TestCases.java:85)
at com.cg.Test.TestCases.verifyHomeLoans(TestCases.java:85)
at com.cg.Test.TestCases.verifyHomeLoans(TestCases.java:85)
at com.cg.Test.TestCases.verifyHomeLoans(TestCases.java:85)
at com.cg.Test.TestCases.verifyHomeLoans(TestCases.java:85)
at com.cg.Test.TestCases.verifyHomeLoans(TestCases.java:85)
at com.cg.Test.TestCases.verifyHomeLoans(TestCases.java:85)
at com.cg.Test.TestCases.verifyHomeLoans(TestCases.java:85)
at com.cg.Test.TestCases.verifyHomeLoans(TestCases.java:85)
at com.cg.Test.TestCases.verifyHomeLoans(TestCases.java:85)
at com.cg.Test.TestCases.verifyHomeLoans(TestCases.java:85)
at com.cg.Test.TestCases.verifyHomeLoans(TestCases.java:85)
at com.cg.Test.TestCases.verifyHomeLoans(TestCases.java:85)
at com.cg.Test.TestCases.verifyHomeLoans(TestCases.java:85)
at com.cg.Test.TestCases.verifyHomeLoans(TestCases.java:85)
at com.cg.Test.TestCases.verifyHomeLoans(TestCases.java:85)
at com.cg.Test.TestCases.verifyHomeLoans(TestCases.java:85)
at com.cg.Test.TestCases.verifyHomeLoans(TestCases.java:85)
at com.cg.Test.TestCases.verifyHomeLoans(TestCases.java:85)
at com.cg.Test.TestCases.verifyHomeLoans(TestCases.java:85)
at com.cg.Test.TestCases.verifyHomeLoans(TestCases.java:85)
at com.cg.Test.TestCases.verifyHomeLoans(TestCases.java:85)
at com.cg.Test.TestCases.verifyHomeLoans(TestCases.java:85)
at com.cg.Test.TestCases.verifyHomeLoans(TestCases.java:85)
at com.cg.Test.TestCases.verifyHomeLoans(TestCases.java:85)
at com.cg.Test.TestCases.verifyHomeLoans(TestCases.java:85)
at com.cg.Test.TestCases.verifyHomeLoans(TestCases.java:85)
at com.cg.Test.TestCases.verifyHomeLoans(TestCases.java:85)
at com.cg.Test.TestCases.verifyHomeLoans(TestCases.java:85)
at com.cg.Test.TestCases.verifyHomeLoans(TestCases.java:85)
at com.cg.Test.TestCases.verifyHomeLoans(TestCases.java:85)
at com.cg.Test.TestCases.verifyHomeLoans(TestCases.java:85)
at com.cg.Test.TestCases.verifyHomeLoans(TestCases.java:85)
at com.cg.Test.TestCases.verifyHomeLoans(TestCases.java:85)
at com.cg.Test.TestCases.verifyHomeLoans(TestCases.java:85)
at com.cg.Test.TestCases.verifyHomeLoans(TestCases.java:85)
at com.cg.Test.TestCases.verifyHomeLoans(TestCases.java:85)
at com.cg.Test.TestCases.verifyHomeLoans(TestCases.java:85)
at com.cg.Test.TestCases.verifyHomeLoans(TestCases.java:85)
at com.cg.Test.TestCases.verifyHomeLoans(TestCases.java:85)
at com.cg.Test.TestCases.verifyHomeLoans(TestCases.java:85)
at com.cg.Test.TestCases.verifyHomeLoans(TestCases.java:85)
at com.cg.Test.TestCases.verifyHomeLoans(TestCases.java:85)
at com.cg.Test.TestCases.verifyHomeLoans(TestCases.java:85)
at com.cg.Test.TestCases.verifyHomeLoans(TestCases.java:85)
at com.cg.Test.TestCases.verifyHomeLoans(TestCases.java:85)
at com.cg.Test.TestCases.verifyHomeLoans(TestCases.java:85)
at com.cg.Test.TestCases.verifyHomeLoans(TestCases.java:85)
at com.cg.Test.TestCases.verifyHomeLoans(TestCases.java:85)
at com.cg.Test.TestCases.verifyHomeLoans(TestCases.java:85)
at com.cg.Test.TestCases.verifyHomeLoans(TestCases.java:85)
at com.cg.Test.TestCases.verifyHomeLoans(TestCases.java:85)
at com.cg.Test.TestCases.verifyHomeLoans(TestCases.java:85)
at com.cg.Test.TestCases.verifyHomeLoans(TestCases.java:85)
at com.cg.Test.TestCases.verifyHomeLoans(TestCases.java:85)
at com.cg.Test.TestCases.verifyHomeLoans(TestCases.java:85)
at com.cg.Test.TestCases.verifyHomeLoans(TestCases.java:85)
at com.cg.Test.TestCases.verifyHomeLoans(TestCases.java:85)
at com.cg.Test.TestCases.verifyHomeLoans(TestCases.java:85)
at com.cg.Test.TestCases.verifyHomeLoans(TestCases.java:85)
at com.cg.Test.TestCases.verifyHomeLoans(TestCases.java:85)
at com.cg.Test.TestCases.verifyHomeLoans(TestCases.java:85)
at com.cg.Test.TestCases.verifyHomeLoans(TestCases.java:85)
at com.cg.Test.TestCases.verifyHomeLoans(TestCases.java:85)
at com.cg.Test.TestCases.verifyHomeLoans(TestCases.java:85)
at com.cg.Test.TestCases.verifyHomeLoans(TestCases.java:85)
at com.cg.Test.TestCases.verifyHomeLoans(TestCases.java:85)
at com.cg.Test.TestCases.verifyHomeLoans(TestCases.java:85)
at com.cg.Test.TestCases.verifyHomeLoans(TestCases.java:85)
at com.cg.Test.TestCases.verifyHomeLoans(TestCases.java:85)
at com.cg.Test.TestCases.verifyHomeLoans(TestCases.java:85)
at com.cg.Test.TestCases.verifyHomeLoans(TestCases.java:85)
at com.cg.Test.TestCases.verifyHomeLoans(TestCases.java:85)
at com.cg.Test.TestCases.verifyHomeLoans(TestCases.java:85)
at com.cg.Test.TestCases.verifyHomeLoans(TestCases.java:85)
at com.cg.Test.TestCases.verifyHomeLoans(TestCases.java:85)
at com.cg.Test.TestCases.verifyHomeLoans(TestCases.java:85)
at com.cg.Test.TestCases.verifyHomeLoans(TestCases.java:85)
at com.cg.Test.TestCases.verifyHomeLoans(TestCases.java:85)
at com.cg.Test.TestCases.verifyHomeLoans(TestCases.java:85)
at com.cg.Test.TestCases.verifyHomeLoans(TestCases.java:85)
at com.cg.Test.TestCases.verifyHomeLoans(TestCases.java:85)
at com.cg.Test.TestCases.verifyHomeLoans(TestCases.java:85)
at com.cg.Test.TestCases.verifyHomeLoans(TestCases.java:85)
at com.cg.Test.TestCases.verifyHomeLoans(TestCases.java:85)
at com.cg.Test.TestCases.verifyHomeLoans(TestCases.java:85)
at com.cg.Test.TestCases.verifyHomeLoans(TestCases.java:85)
at com.cg.Test.TestCases.verifyHomeLoans(TestCases.java:85)
at com.cg.Test.TestCases.verifyHomeLoans(TestCases.java:85)
at com.cg.Test.TestCases.verifyHomeLoans(TestCases.java:85)
at com.cg.Test.TestCases.verifyHomeLoans(TestCases.java:85)
at com.cg.Test.TestCases.verifyHomeLoans(TestCases.java:85)
at com.cg.Test.TestCases.verifyHomeLoans(TestCases.java:85)
at com.cg.Test.TestCases.verifyHomeLoans(TestCases.java:85)
at com.cg.Test.TestCases.verifyHomeLoans(TestCases.java:85)
at com.cg.Test.TestCases.verifyHomeLoans(TestCases.java:85)
at com.cg.Test.TestCases.verifyHomeLoans(TestCases.java:85)
at com.cg.Test.TestCases.verifyHomeLoans(TestCases.java:85)
at com.cg.Test.TestCases.verifyHomeLoans(TestCases.java:85)
at com.cg.Test.TestCases.verifyHomeLoans(TestCases.java:85)
at com.cg.Test.TestCases.verifyHomeLoans(TestCases.java:85)
at com.cg.Test.TestCases.verifyHomeLoans(TestCases.java:85)
at com.cg.Test.TestCases.verifyHomeLoans(TestCases.java:85)
at com.cg.Test.TestCases.verifyHomeLoans(TestCases.java:85)
at com.cg.Test.TestCases.verifyHomeLoans(TestCases.java:85)
at com.cg.Test.TestCases.verifyHomeLoans(TestCases.java:85)
at com.cg.Test.TestCases.verifyHomeLoans(TestCases.java:85)
at com.cg.Test.TestCases.verifyHomeLoans(TestCases.java:85)
at com.cg.Test.TestCases.verifyHomeLoans(TestCases.java:85)
at com.cg.Test.TestCases.verifyHomeLoans(TestCases.java:85)
at com.cg.Test.TestCases.verifyHomeLoans(TestCases.java:85)
at com.cg.Test.TestCases.verifyHomeLoans(TestCases.java:85)
at com.cg.Test.TestCases.verifyHomeLoans(TestCases.java:85)
at com.cg.Test.TestCases.verifyHomeLoans(TestCases.java:85)
at com.cg.Test.TestCases.verifyHomeLoans(TestCases.java:85)
at com.cg.Test.TestCases.verifyHomeLoans(TestCases.java:85)
at com.cg.Test.TestCases.verifyHomeLoans(TestCases.java:85)
at com.cg.Test.TestCases.verifyHomeLoans(TestCases.java:85)
at com.cg.Test.TestCases.verifyHomeLoans(TestCases.java:85)
at com.cg.Test.TestCases.verifyHomeLoans(TestCases.java:85)
at com.cg.Test.TestCases.verifyHomeLoans(TestCases.java:85)
at com.cg.Test.TestCases.verifyHomeLoans(TestCases.java:85)
at com.cg.Test.TestCases.verifyHomeLoans(TestCases.java:85)
at com.cg.Test.TestCases.verifyHomeLoans(TestCases.java:85)
at com.cg.Test.TestCases.verifyHomeLoans(TestCases.java:85)
at com.cg.Test.TestCases.verifyHomeLoans(TestCases.java:85)
at com.cg.Test.TestCases.verifyHomeLoans(TestCases.java:85)
at com.cg.Test.TestCases.verifyHomeLoans(TestCases.java:85)
at com.cg.Test.TestCases.verifyHomeLoans(TestCases.java:85)
at com.cg.Test.TestCases.verifyHomeLoans(TestCases.java:85)
at com.cg.Test.TestCases.verifyHomeLoans(TestCases.java:85)
at com.cg.Test.TestCases.verifyHomeLoans(TestCases.java:85)
at com.cg.Test.TestCases.verifyHomeLoans(TestCases.java:85)
at com.cg.Test.TestCases.verifyHomeLoans(TestCases.java:85)
at com.cg.Test.TestCases.verifyHomeLoans(TestCases.java:85)
at com.cg.Test.TestCases.verifyHomeLoans(TestCases.java:85)
at com.cg.Test.TestCases.verifyHomeLoans(TestCases.java:85)
at com.cg.Test.TestCases.verifyHomeLoans(TestCases.java:85)
at com.cg.Test.TestCases.verifyHomeLoans(TestCases.java:85)
at com.cg.Test.TestCases.verifyHomeLoans(TestCases.java:85)
at com.cg.Test.TestCases.verifyHomeLoans(TestCases.java:85)
at com.cg.Test.TestCases.verifyHomeLoans(TestCases.java:85)
at com.cg.Test.TestCases.verifyHomeLoans(TestCases.java:85)
at com.cg.Test.TestCases.verifyHomeLoans(TestCases.java:85)
at com.cg.Test.TestCases.verifyHomeLoans(TestCases.java:85)
at com.cg.Test.TestCases.verifyHomeLoans(TestCases.java:85)
at com.cg.Test.TestCases.verifyHomeLoans(TestCases.java:85)
at com.cg.Test.TestCases.verifyHomeLoans(TestCases.java:85)
at com.cg.Test.TestCases.verifyHomeLoans(TestCases.java:85)
at com.cg.Test.TestCases.verifyHomeLoans(TestCases.java:85)
at com.cg.Test.TestCases.verifyHomeLoans(TestCases.java:85)
at com.cg.Test.TestCases.verifyHomeLoans(TestCases.java:85)
at com.cg.Test.TestCases.verifyHomeLoans(TestCases.java:85)
at com.cg.Test.TestCases.verifyHomeLoans(TestCases.java:85)
at com.cg.Test.TestCases.verifyHomeLoans(TestCases.java:85)
at com.cg.Test.TestCases.verifyHomeLoans(TestCases.java:85)
at com.cg.Test.TestCases.verifyHomeLoans(TestCases.java:85)
at com.cg.Test.TestCases.verifyHomeLoans(TestCases.java:85)
at com.cg.Test.TestCases.verifyHomeLoans(TestCases.java:85)
at com.cg.Test.TestCases.verifyHomeLoans(TestCases.java:85)
at com.cg.Test.TestCases.verifyHomeLoans(TestCases.java:85)
at com.cg.Test.TestCases.verifyHomeLoans(TestCases.java:85)
at com.cg.Test.TestCases.verifyHomeLoans(TestCases.java:85)
at com.cg.Test.TestCases.verifyHomeLoans(TestCases.java:85)
at com.cg.Test.TestCases.verifyHomeLoans(TestCases.java:85)
at com.cg.Test.TestCases.verifyHomeLoans(TestCases.java:85)
at com.cg.Test.TestCases.verifyHomeLoans(TestCases.java:85)
at com.cg.Test.TestCases.verifyHomeLoans(TestCases.java:85)
at com.cg.Test.TestCases.verifyHomeLoans(TestCases.java:85)
at com.cg.Test.TestCases.verifyHomeLoans(TestCases.java:85)
at com.cg.Test.TestCases.verifyHomeLoans(TestCases.java:85)
at com.cg.Test.TestCases.verifyHomeLoans(TestCases.java:85)
at com.cg.Test.TestCases.verifyHomeLoans(TestCases.java:85)
at com.cg.Test.TestCases.verifyHomeLoans(TestCases.java:85)
at com.cg.Test.TestCases.verifyHomeLoans(TestCases.java:85)
at com.cg.Test.TestCases.verifyHomeLoans(TestCases.java:85)
at com.cg.Test.TestCases.verifyHomeLoans(TestCases.java:85)
at com.cg.Test.TestCases.verifyHomeLoans(TestCases.java:85)
at com.cg.Test.TestCases.verifyHomeLoans(TestCases.java:85)
at com.cg.Test.TestCases.verifyHomeLoans(TestCases.java:85)
at com.cg.Test.TestCases.verifyHomeLoans(TestCases.java:85)
at com.cg.Test.TestCases.verifyHomeLoans(TestCases.java:85)
at com.cg.Test.TestCases.verifyHomeLoans(TestCases.java:85)
at com.cg.Test.TestCases.verifyHomeLoans(TestCases.java:85)
at com.cg.Test.TestCases.verifyHomeLoans(TestCases.java:85)
at com.cg.Test.TestCases.verifyHomeLoans(TestCases.java:85)
at com.cg.Test.TestCases.verifyHomeLoans(TestCases.java:85)
at com.cg.Test.TestCases.verifyHomeLoans(TestCases.java:85)
at com.cg.Test.TestCases.verifyHomeLoans(TestCases.java:85)
at com.cg.Test.TestCases.verifyHomeLoans(TestCases.java:85)
at com.cg.Test.TestCases.verifyHomeLoans(TestCases.java:85)
at com.cg.Test.TestCases.verifyHomeLoans(TestCases.java:85)
at com.cg.Test.TestCases.verifyHomeLoans(TestCases.java:85)
at com.cg.Test.TestCases.verifyHomeLoans(TestCases.java:85)
at com.cg.Test.TestCases.verifyHomeLoans(TestCases.java:85)
at com.cg.Test.TestCases.verifyHomeLoans(TestCases.java:85)
at com.cg.Test.TestCases.verifyHomeLoans(TestCases.java:85)
at com.cg.Test.TestCases.verifyHomeLoans(TestCases.java:85)
at com.cg.Test.TestCases.verifyHomeLoans(TestCases.java:85)
at com.cg.Test.TestCases.verifyHomeLoans(TestCases.java:85)
at com.cg.Test.TestCases.verifyHomeLoans(TestCases.java:85)
at com.cg.Test.TestCases.verifyHomeLoans(TestCases.java:85)
at com.cg.Test.TestCases.verifyHomeLoans(TestCases.java:85)
at com.cg.Test.TestCases.verifyHomeLoans(TestCases.java:85)
at com.cg.Test.TestCases.verifyHomeLoans(TestCases.java:85)
at com.cg.Test.TestCases.verifyHomeLoans(TestCases.java:85)
at com.cg.Test.TestCases.verifyHomeLoans(TestCases.java:85)
at com.cg.Test.TestCases.verifyHomeLoans(TestCases.java:85)
at com.cg.Test.TestCases.verifyHomeLoans(TestCases.java:85)
at com.cg.Test.TestCases.verifyHomeLoans(TestCases.java:85)
at com.cg.Test.TestCases.verifyHomeLoans(TestCases.java:85)
at com.cg.Test.TestCases.verifyHomeLoans(TestCases.java:85)
at com.cg.Test.TestCases.verifyHomeLoans(TestCases.java:85)
at com.cg.Test.TestCases.verifyHomeLoans(TestCases.java:85)
at com.cg.Test.TestCases.verifyHomeLoans(TestCases.java:85)
at com.cg.Test.TestCases.verifyHomeLoans(TestCases.java:85)
at com.cg.Test.TestCases.verifyHomeLoans(TestCases.java:85)
at com.cg.Test.TestCases.verifyHomeLoans(TestCases.java:85)
at com.cg.Test.TestCases.verifyHomeLoans(TestCases.java:85)
]]>
    </failure>
  </testcase> <!-- verifyHomeLoans -->
</testsuite> <!-- Default test -->
