<?xml version="1.0" encoding="UTF-8"?>
<testng-results ignored="0" total="6" passed="5" failed="1" skipped="0">
  <reporter-output>
  </reporter-output>
  <suite started-at="2023-06-29T16:05:31 IST" name="Default suite" finished-at="2023-06-29T16:05:48 IST" duration-ms="16155">
    <groups>
    </groups>
    <test started-at="2023-06-29T16:05:31 IST" name="Default test" finished-at="2023-06-29T16:05:48 IST" duration-ms="16155">
      <class name="com.cg.Test.TestCases">
        <test-method signature="HomePageTitleVerify()[pri:1, instance:com.cg.Test.TestCases@3ece1e79]" started-at="2023-06-29T16:05:31 IST" name="HomePageTitleVerify" finished-at="2023-06-29T16:05:31 IST" duration-ms="23" status="PASS">
          <reporter-output>
          </reporter-output>
        </test-method> <!-- HomePageTitleVerify -->
        <test-method signature="loginpageVerify()[pri:2, instance:com.cg.Test.TestCases@3ece1e79]" started-at="2023-06-29T16:05:31 IST" name="loginpageVerify" finished-at="2023-06-29T16:05:34 IST" duration-ms="2772" status="PASS">
          <reporter-output>
          </reporter-output>
        </test-method> <!-- loginpageVerify -->
        <test-method signature="emicalculator()[pri:3, instance:com.cg.Test.TestCases@3ece1e79]" started-at="2023-06-29T16:05:34 IST" name="emicalculator" finished-at="2023-06-29T16:05:41 IST" duration-ms="6339" status="PASS">
          <reporter-output>
          </reporter-output>
        </test-method> <!-- emicalculator -->
        <test-method signature="eligibilitycalculator()[pri:4, instance:com.cg.Test.TestCases@3ece1e79]" started-at="2023-06-29T16:05:41 IST" name="eligibilitycalculator" finished-at="2023-06-29T16:05:41 IST" duration-ms="883" status="PASS">
          <reporter-output>
          </reporter-output>
        </test-method> <!-- eligibilitycalculator -->
        <test-method signature="prepayver()[pri:5, instance:com.cg.Test.TestCases@3ece1e79]" started-at="2023-06-29T16:05:41 IST" name="prepayver" finished-at="2023-06-29T16:05:47 IST" duration-ms="6057" status="PASS">
          <reporter-output>
          </reporter-output>
        </test-method> <!-- prepayver -->
        <test-method signature="verifyHomeLoans()[pri:6, instance:com.cg.Test.TestCases@3ece1e79]" started-at="2023-06-29T16:05:47 IST" name="verifyHomeLoans" finished-at="2023-06-29T16:05:48 IST" duration-ms="6" status="FAIL">
          <exception class="java.lang.StackOverflowError">
            <full-stacktrace>
              <![CDATA[java.lang.StackOverflowError
at com.cg.Test.TestCases.verifyHomeLoans(TestCases.java:85)
at com.cg.Test.TestCases.verifyHomeLoans(TestCases.java:85)
at com.cg.Test.TestCases.verifyHomeLoans(TestCases.java:85)
at com.cg.Test.TestCases.verifyHomeLoans(TestCases.java:85)
at com.cg.Test.TestCases.verifyHomeLoans(TestCases.java:85)
at com.cg.Test.TestCases.verifyHomeLoans(TestCases.java:85)
at com.cg.Test.TestCases.verifyHomeLoans(TestCases.java:85)
at com.cg.Test.TestCases.verifyHomeLoans(TestCases.java:85)
at com.cg.Test.TestCases.verifyHomeLoans(TestCases.java:85)
at com.cg.Test.TestCases.verifyHomeLoans(TestCases.java:85)
at com.cg.Test.TestCases.verifyHomeLoans(TestCases.java:85)
at com.cg.Test.TestCases.verifyHomeLoans(TestCases.java:85)
at com.cg.Test.TestCases.verifyHomeLoans(TestCases.java:85)
at com.cg.Test.TestCases.verifyHomeLoans(TestCases.java:85)
at com.cg.Test.TestCases.verifyHomeLoans(TestCases.java:85)
at com.cg.Test.TestCases.verifyHomeLoans(TestCases.java:85)
at com.cg.Test.TestCases.verifyHomeLoans(TestCases.java:85)
at com.cg.Test.TestCases.verifyHomeLoans(TestCases.java:85)
at com.cg.Test.TestCases.verifyHomeLoans(TestCases.java:85)
at com.cg.Test.TestCases.verifyHomeLoans(TestCases.java:85)
at com.cg.Test.TestCases.verifyHomeLoans(TestCases.java:85)
at com.cg.Test.TestCases.verifyHomeLoans(TestCases.java:85)
at com.cg.Test.TestCases.verifyHomeLoans(TestCases.java:85)
at com.cg.Test.TestCases.verifyHomeLoans(TestCases.java:85)
at com.cg.Test.TestCases.verifyHomeLoans(TestCases.java:85)
at com.cg.Test.TestCases.verifyHomeLoans(TestCases.java:85)
at com.cg.Test.TestCases.verifyHomeLoans(TestCases.java:85)
at com.cg.Test.TestCases.verifyHomeLoans(TestCases.java:85)
at com.cg.Test.TestCases.verifyHomeLoans(TestCases.java:85)
at com.cg.Test.TestCases.verifyHomeLoans(TestCases.java:85)
at com.cg.Test.TestCases.verifyHomeLoans(TestCases.java:85)
at com.cg.Test.TestCases.verifyHomeLoans(TestCases.java:85)
at com.cg.Test.TestCases.verifyHomeLoans(TestCases.java:85)
at com.cg.Test.TestCases.verifyHomeLoans(TestCases.java:85)
at com.cg.Test.TestCases.verifyHomeLoans(TestCases.java:85)
at com.cg.Test.TestCases.verifyHomeLoans(TestCases.java:85)
at com.cg.Test.TestCases.verifyHomeLoans(TestCases.java:85)
at com.cg.Test.TestCases.verifyHomeLoans(TestCases.java:85)
at com.cg.Test.TestCases.verifyHomeLoans(TestCases.java:85)
at com.cg.Test.TestCases.verifyHomeLoans(TestCases.java:85)
at com.cg.Test.TestCases.verifyHomeLoans(TestCases.java:85)
at com.cg.Test.TestCases.verifyHomeLoans(TestCases.java:85)
at com.cg.Test.TestCases.verifyHomeLoans(TestCases.java:85)
at com.cg.Test.TestCases.verifyHomeLoans(TestCases.java:85)
at com.cg.Test.TestCases.verifyHomeLoans(TestCases.java:85)
at com.cg.Test.TestCases.verifyHomeLoans(TestCases.java:85)
at com.cg.Test.TestCases.verifyHomeLoans(TestCases.java:85)
at com.cg.Test.TestCases.verifyHomeLoans(TestCases.java:85)
at com.cg.Test.TestCases.verifyHomeLoans(TestCases.java:85)
at com.cg.Test.TestCases.verifyHomeLoans(TestCases.java:85)
at com.cg.Test.TestCases.verifyHomeLoans(TestCases.java:85)
at com.cg.Test.TestCases.verifyHomeLoans(TestCases.java:85)
at com.cg.Test.TestCases.verifyHomeLoans(TestCases.java:85)
at com.cg.Test.TestCases.verifyHomeLoans(TestCases.java:85)
at com.cg.Test.TestCases.verifyHomeLoans(TestCases.java:85)
at com.cg.Test.TestCases.verifyHomeLoans(TestCases.java:85)
at com.cg.Test.TestCases.verifyHomeLoans(TestCases.java:85)
at com.cg.Test.TestCases.verifyHomeLoans(TestCases.java:85)
at com.cg.Test.TestCases.verifyHomeLoans(TestCases.java:85)
at com.cg.Test.TestCases.verifyHomeLoans(TestCases.java:85)
at com.cg.Test.TestCases.verifyHomeLoans(TestCases.java:85)
at com.cg.Test.TestCases.verifyHomeLoans(TestCases.java:85)
at com.cg.Test.TestCases.verifyHomeLoans(TestCases.java:85)
at com.cg.Test.TestCases.verifyHomeLoans(TestCases.java:85)
at com.cg.Test.TestCases.verifyHomeLoans(TestCases.java:85)
at com.cg.Test.TestCases.verifyHomeLoans(TestCases.java:85)
at com.cg.Test.TestCases.verifyHomeLoans(TestCases.java:85)
at com.cg.Test.TestCases.verifyHomeLoans(TestCases.java:85)
at com.cg.Test.TestCases.verifyHomeLoans(TestCases.java:85)
at com.cg.Test.TestCases.verifyHomeLoans(TestCases.java:85)
at com.cg.Test.TestCases.verifyHomeLoans(TestCases.java:85)
at com.cg.Test.TestCases.verifyHomeLoans(TestCases.java:85)
at com.cg.Test.TestCases.verifyHomeLoans(TestCases.java:85)
at com.cg.Test.TestCases.verifyHomeLoans(TestCases.java:85)
at com.cg.Test.TestCases.verifyHomeLoans(TestCases.java:85)
at com.cg.Test.TestCases.verifyHomeLoans(TestCases.java:85)
at com.cg.Test.TestCases.verifyHomeLoans(TestCases.java:85)
at com.cg.Test.TestCases.verifyHomeLoans(TestCases.java:85)
at com.cg.Test.TestCases.verifyHomeLoans(TestCases.java:85)
at com.cg.Test.TestCases.verifyHomeLoans(TestCases.java:85)
at com.cg.Test.TestCases.verifyHomeLoans(TestCases.java:85)
at com.cg.Test.TestCases.verifyHomeLoans(TestCases.java:85)
at com.cg.Test.TestCases.verifyHomeLoans(TestCases.java:85)
at com.cg.Test.TestCases.verifyHomeLoans(TestCases.java:85)
at com.cg.Test.TestCases.verifyHomeLoans(TestCases.java:85)
at com.cg.Test.TestCases.verifyHomeLoans(TestCases.java:85)
at com.cg.Test.TestCases.verifyHomeLoans(TestCases.java:85)
at com.cg.Test.TestCases.verifyHomeLoans(TestCases.java:85)
at com.cg.Test.TestCases.verifyHomeLoans(TestCases.java:85)
at com.cg.Test.TestCases.verifyHomeLoans(TestCases.java:85)
at com.cg.Test.TestCases.verifyHomeLoans(TestCases.java:85)
at com.cg.Test.TestCases.verifyHomeLoans(TestCases.java:85)
at com.cg.Test.TestCases.verifyHomeLoans(TestCases.java:85)
at com.cg.Test.TestCases.verifyHomeLoans(TestCases.java:85)
at com.cg.Test.TestCases.verifyHomeLoans(TestCases.java:85)
at com.cg.Test.TestCases.verifyHomeLoans(TestCases.java:85)
at com.cg.Test.TestCases.verifyHomeLoans(TestCases.java:85)
at com.cg.Test.TestCases.verifyHomeLoans(TestCases.java:85)
at com.cg.Test.TestCases.verifyHomeLoans(TestCases.java:85)
at com.cg.Test.TestCases.verifyHomeLoans(TestCases.java:85)
at com.cg.Test.TestCases.verifyHomeLoans(TestCases.java:85)
at com.cg.Test.TestCases.verifyHomeLoans(TestCases.java:85)
at com.cg.Test.TestCases.verifyHomeLoans(TestCases.java:85)
at com.cg.Test.TestCases.verifyHomeLoans(TestCases.java:85)
at com.cg.Test.TestCases.verifyHomeLoans(TestCases.java:85)
at com.cg.Test.TestCases.verifyHomeLoans(TestCases.java:85)
at com.cg.Test.TestCases.verifyHomeLoans(TestCases.java:85)
at com.cg.Test.TestCases.verifyHomeLoans(TestCases.java:85)
at com.cg.Test.TestCases.verifyHomeLoans(TestCases.java:85)
at com.cg.Test.TestCases.verifyHomeLoans(TestCases.java:85)
at com.cg.Test.TestCases.verifyHomeLoans(TestCases.java:85)
at com.cg.Test.TestCases.verifyHomeLoans(TestCases.java:85)
at com.cg.Test.TestCases.verifyHomeLoans(TestCases.java:85)
at com.cg.Test.TestCases.verifyHomeLoans(TestCases.java:85)
at com.cg.Test.TestCases.verifyHomeLoans(TestCases.java:85)
at com.cg.Test.TestCases.verifyHomeLoans(TestCases.java:85)
at com.cg.Test.TestCases.verifyHomeLoans(TestCases.java:85)
at com.cg.Test.TestCases.verifyHomeLoans(TestCases.java:85)
at com.cg.Test.TestCases.verifyHomeLoans(TestCases.java:85)
at com.cg.Test.TestCases.verifyHomeLoans(TestCases.java:85)
at com.cg.Test.TestCases.verifyHomeLoans(TestCases.java:85)
at com.cg.Test.TestCases.verifyHomeLoans(TestCases.java:85)
at com.cg.Test.TestCases.verifyHomeLoans(TestCases.java:85)
at com.cg.Test.TestCases.verifyHomeLoans(TestCases.java:85)
at com.cg.Test.TestCases.verifyHomeLoans(TestCases.java:85)
at com.cg.Test.TestCases.verifyHomeLoans(TestCases.java:85)
at com.cg.Test.TestCases.verifyHomeLoans(TestCases.java:85)
at com.cg.Test.TestCases.verifyHomeLoans(TestCases.java:85)
at com.cg.Test.TestCases.verifyHomeLoans(TestCases.java:85)
at com.cg.Test.TestCases.verifyHomeLoans(TestCases.java:85)
at com.cg.Test.TestCases.verifyHomeLoans(TestCases.java:85)
at com.cg.Test.TestCases.verifyHomeLoans(TestCases.java:85)
at com.cg.Test.TestCases.verifyHomeLoans(TestCases.java:85)
at com.cg.Test.TestCases.verifyHomeLoans(TestCases.java:85)
at com.cg.Test.TestCases.verifyHomeLoans(TestCases.java:85)
at com.cg.Test.TestCases.verifyHomeLoans(TestCases.java:85)
at com.cg.Test.TestCases.verifyHomeLoans(TestCases.java:85)
at com.cg.Test.TestCases.verifyHomeLoans(TestCases.java:85)
at com.cg.Test.TestCases.verifyHomeLoans(TestCases.java:85)
at com.cg.Test.TestCases.verifyHomeLoans(TestCases.java:85)
at com.cg.Test.TestCases.verifyHomeLoans(TestCases.java:85)
at com.cg.Test.TestCases.verifyHomeLoans(TestCases.java:85)
at com.cg.Test.TestCases.verifyHomeLoans(TestCases.java:85)
at com.cg.Test.TestCases.verifyHomeLoans(TestCases.java:85)
at com.cg.Test.TestCases.verifyHomeLoans(TestCases.java:85)
at com.cg.Test.TestCases.verifyHomeLoans(TestCases.java:85)
at com.cg.Test.TestCases.verifyHomeLoans(TestCases.java:85)
at com.cg.Test.TestCases.verifyHomeLoans(TestCases.java:85)
at com.cg.Test.TestCases.verifyHomeLoans(TestCases.java:85)
at com.cg.Test.TestCases.verifyHomeLoans(TestCases.java:85)
at com.cg.Test.TestCases.verifyHomeLoans(TestCases.java:85)
at com.cg.Test.TestCases.verifyHomeLoans(TestCases.java:85)
at com.cg.Test.TestCases.verifyHomeLoans(TestCases.java:85)
at com.cg.Test.TestCases.verifyHomeLoans(TestCases.java:85)
at com.cg.Test.TestCases.verifyHomeLoans(TestCases.java:85)
at com.cg.Test.TestCases.verifyHomeLoans(TestCases.java:85)
at com.cg.Test.TestCases.verifyHomeLoans(TestCases.java:85)
at com.cg.Test.TestCases.verifyHomeLoans(TestCases.java:85)
at com.cg.Test.TestCases.verifyHomeLoans(TestCases.java:85)
at com.cg.Test.TestCases.verifyHomeLoans(TestCases.java:85)
at com.cg.Test.TestCases.verifyHomeLoans(TestCases.java:85)
at com.cg.Test.TestCases.verifyHomeLoans(TestCases.java:85)
at com.cg.Test.TestCases.verifyHomeLoans(TestCases.java:85)
at com.cg.Test.TestCases.verifyHomeLoans(TestCases.java:85)
at com.cg.Test.TestCases.verifyHomeLoans(TestCases.java:85)
at com.cg.Test.TestCases.verifyHomeLoans(TestCases.java:85)
at com.cg.Test.TestCases.verifyHomeLoans(TestCases.java:85)
at com.cg.Test.TestCases.verifyHomeLoans(TestCases.java:85)
at com.cg.Test.TestCases.verifyHomeLoans(TestCases.java:85)
at com.cg.Test.TestCases.verifyHomeLoans(TestCases.java:85)
at com.cg.Test.TestCases.verifyHomeLoans(TestCases.java:85)
at com.cg.Test.TestCases.verifyHomeLoans(TestCases.java:85)
at com.cg.Test.TestCases.verifyHomeLoans(TestCases.java:85)
at com.cg.Test.TestCases.verifyHomeLoans(TestCases.java:85)
at com.cg.Test.TestCases.verifyHomeLoans(TestCases.java:85)
at com.cg.Test.TestCases.verifyHomeLoans(TestCases.java:85)
at com.cg.Test.TestCases.verifyHomeLoans(TestCases.java:85)
at com.cg.Test.TestCases.verifyHomeLoans(TestCases.java:85)
at com.cg.Test.TestCases.verifyHomeLoans(TestCases.java:85)
at com.cg.Test.TestCases.verifyHomeLoans(TestCases.java:85)
at com.cg.Test.TestCases.verifyHomeLoans(TestCases.java:85)
at com.cg.Test.TestCases.verifyHomeLoans(TestCases.java:85)
at com.cg.Test.TestCases.verifyHomeLoans(TestCases.java:85)
at com.cg.Test.TestCases.verifyHomeLoans(TestCases.java:85)
at com.cg.Test.TestCases.verifyHomeLoans(TestCases.java:85)
at com.cg.Test.TestCases.verifyHomeLoans(TestCases.java:85)
at com.cg.Test.TestCases.verifyHomeLoans(TestCases.java:85)
at com.cg.Test.TestCases.verifyHomeLoans(TestCases.java:85)
at com.cg.Test.TestCases.verifyHomeLoans(TestCases.java:85)
at com.cg.Test.TestCases.verifyHomeLoans(TestCases.java:85)
at com.cg.Test.TestCases.verifyHomeLoans(TestCases.java:85)
at com.cg.Test.TestCases.verifyHomeLoans(TestCases.java:85)
at com.cg.Test.TestCases.verifyHomeLoans(TestCases.java:85)
at com.cg.Test.TestCases.verifyHomeLoans(TestCases.java:85)
at com.cg.Test.TestCases.verifyHomeLoans(TestCases.java:85)
at com.cg.Test.TestCases.verifyHomeLoans(TestCases.java:85)
at com.cg.Test.TestCases.verifyHomeLoans(TestCases.java:85)
at com.cg.Test.TestCases.verifyHomeLoans(TestCases.java:85)
at com.cg.Test.TestCases.verifyHomeLoans(TestCases.java:85)
at com.cg.Test.TestCases.verifyHomeLoans(TestCases.java:85)
at com.cg.Test.TestCases.verifyHomeLoans(TestCases.java:85)
at com.cg.Test.TestCases.verifyHomeLoans(TestCases.java:85)
at com.cg.Test.TestCases.verifyHomeLoans(TestCases.java:85)
at com.cg.Test.TestCases.verifyHomeLoans(TestCases.java:85)
at com.cg.Test.TestCases.verifyHomeLoans(TestCases.java:85)
at com.cg.Test.TestCases.verifyHomeLoans(TestCases.java:85)
at com.cg.Test.TestCases.verifyHomeLoans(TestCases.java:85)
at com.cg.Test.TestCases.verifyHomeLoans(TestCases.java:85)
at com.cg.Test.TestCases.verifyHomeLoans(TestCases.java:85)
at com.cg.Test.TestCases.verifyHomeLoans(TestCases.java:85)
at com.cg.Test.TestCases.verifyHomeLoans(TestCases.java:85)
at com.cg.Test.TestCases.verifyHomeLoans(TestCases.java:85)
at com.cg.Test.TestCases.verifyHomeLoans(TestCases.java:85)
at com.cg.Test.TestCases.verifyHomeLoans(TestCases.java:85)
at com.cg.Test.TestCases.verifyHomeLoans(TestCases.java:85)
at com.cg.Test.TestCases.verifyHomeLoans(TestCases.java:85)
at com.cg.Test.TestCases.verifyHomeLoans(TestCases.java:85)
at com.cg.Test.TestCases.verifyHomeLoans(TestCases.java:85)
at com.cg.Test.TestCases.verifyHomeLoans(TestCases.java:85)
at com.cg.Test.TestCases.verifyHomeLoans(TestCases.java:85)
at com.cg.Test.TestCases.verifyHomeLoans(TestCases.java:85)
at com.cg.Test.TestCases.verifyHomeLoans(TestCases.java:85)
at com.cg.Test.TestCases.verifyHomeLoans(TestCases.java:85)
at com.cg.Test.TestCases.verifyHomeLoans(TestCases.java:85)
at com.cg.Test.TestCases.verifyHomeLoans(TestCases.java:85)
at com.cg.Test.TestCases.verifyHomeLoans(TestCases.java:85)
at com.cg.Test.TestCases.verifyHomeLoans(TestCases.java:85)
at com.cg.Test.TestCases.verifyHomeLoans(TestCases.java:85)
at com.cg.Test.TestCases.verifyHomeLoans(TestCases.java:85)
at com.cg.Test.TestCases.verifyHomeLoans(TestCases.java:85)
at com.cg.Test.TestCases.verifyHomeLoans(TestCases.java:85)
at com.cg.Test.TestCases.verifyHomeLoans(TestCases.java:85)
at com.cg.Test.TestCases.verifyHomeLoans(TestCases.java:85)
at com.cg.Test.TestCases.verifyHomeLoans(TestCases.java:85)
at com.cg.Test.TestCases.verifyHomeLoans(TestCases.java:85)
at com.cg.Test.TestCases.verifyHomeLoans(TestCases.java:85)
at com.cg.Test.TestCases.verifyHomeLoans(TestCases.java:85)
at com.cg.Test.TestCases.verifyHomeLoans(TestCases.java:85)
at com.cg.Test.TestCases.verifyHomeLoans(TestCases.java:85)
at com.cg.Test.TestCases.verifyHomeLoans(TestCases.java:85)
at com.cg.Test.TestCases.verifyHomeLoans(TestCases.java:85)
at com.cg.Test.TestCases.verifyHomeLoans(TestCases.java:85)
at com.cg.Test.TestCases.verifyHomeLoans(TestCases.java:85)
at com.cg.Test.TestCases.verifyHomeLoans(TestCases.java:85)
at com.cg.Test.TestCases.verifyHomeLoans(TestCases.java:85)
at com.cg.Test.TestCases.verifyHomeLoans(TestCases.java:85)
at com.cg.Test.TestCases.verifyHomeLoans(TestCases.java:85)
at com.cg.Test.TestCases.verifyHomeLoans(TestCases.java:85)
at com.cg.Test.TestCases.verifyHomeLoans(TestCases.java:85)
at com.cg.Test.TestCases.verifyHomeLoans(TestCases.java:85)
at com.cg.Test.TestCases.verifyHomeLoans(TestCases.java:85)
at com.cg.Test.TestCases.verifyHomeLoans(TestCases.java:85)
at com.cg.Test.TestCases.verifyHomeLoans(TestCases.java:85)
at com.cg.Test.TestCases.verifyHomeLoans(TestCases.java:85)
at com.cg.Test.TestCases.verifyHomeLoans(TestCases.java:85)
at com.cg.Test.TestCases.verifyHomeLoans(TestCases.java:85)
at com.cg.Test.TestCases.verifyHomeLoans(TestCases.java:85)
at com.cg.Test.TestCases.verifyHomeLoans(TestCases.java:85)
at com.cg.Test.TestCases.verifyHomeLoans(TestCases.java:85)
at com.cg.Test.TestCases.verifyHomeLoans(TestCases.java:85)
at com.cg.Test.TestCases.verifyHomeLoans(TestCases.java:85)
at com.cg.Test.TestCases.verifyHomeLoans(TestCases.java:85)
at com.cg.Test.TestCases.verifyHomeLoans(TestCases.java:85)
at com.cg.Test.TestCases.verifyHomeLoans(TestCases.java:85)
at com.cg.Test.TestCases.verifyHomeLoans(TestCases.java:85)
at com.cg.Test.TestCases.verifyHomeLoans(TestCases.java:85)
at com.cg.Test.TestCases.verifyHomeLoans(TestCases.java:85)
at com.cg.Test.TestCases.verifyHomeLoans(TestCases.java:85)
at com.cg.Test.TestCases.verifyHomeLoans(TestCases.java:85)
at com.cg.Test.TestCases.verifyHomeLoans(TestCases.java:85)
at com.cg.Test.TestCases.verifyHomeLoans(TestCases.java:85)
at com.cg.Test.TestCases.verifyHomeLoans(TestCases.java:85)
at com.cg.Test.TestCases.verifyHomeLoans(TestCases.java:85)
at com.cg.Test.TestCases.verifyHomeLoans(TestCases.java:85)
at com.cg.Test.TestCases.verifyHomeLoans(TestCases.java:85)
at com.cg.Test.TestCases.verifyHomeLoans(TestCases.java:85)
at com.cg.Test.TestCases.verifyHomeLoans(TestCases.java:85)
at com.cg.Test.TestCases.verifyHomeLoans(TestCases.java:85)
at com.cg.Test.TestCases.verifyHomeLoans(TestCases.java:85)
at com.cg.Test.TestCases.verifyHomeLoans(TestCases.java:85)
at com.cg.Test.TestCases.verifyHomeLoans(TestCases.java:85)
at com.cg.Test.TestCases.verifyHomeLoans(TestCases.java:85)
at com.cg.Test.TestCases.verifyHomeLoans(TestCases.java:85)
at com.cg.Test.TestCases.verifyHomeLoans(TestCases.java:85)
at com.cg.Test.TestCases.verifyHomeLoans(TestCases.java:85)
at com.cg.Test.TestCases.verifyHomeLoans(TestCases.java:85)
at com.cg.Test.TestCases.verifyHomeLoans(TestCases.java:85)
at com.cg.Test.TestCases.verifyHomeLoans(TestCases.java:85)
at com.cg.Test.TestCases.verifyHomeLoans(TestCases.java:85)
at com.cg.Test.TestCases.verifyHomeLoans(TestCases.java:85)
at com.cg.Test.TestCases.verifyHomeLoans(TestCases.java:85)
at com.cg.Test.TestCases.verifyHomeLoans(TestCases.java:85)
at com.cg.Test.TestCases.verifyHomeLoans(TestCases.java:85)
at com.cg.Test.TestCases.verifyHomeLoans(TestCases.java:85)
at com.cg.Test.TestCases.verifyHomeLoans(TestCases.java:85)
at com.cg.Test.TestCases.verifyHomeLoans(TestCases.java:85)
at com.cg.Test.TestCases.verifyHomeLoans(TestCases.java:85)
at com.cg.Test.TestCases.verifyHomeLoans(TestCases.java:85)
at com.cg.Test.TestCases.verifyHomeLoans(TestCases.java:85)
at com.cg.Test.TestCases.verifyHomeLoans(TestCases.java:85)
at com.cg.Test.TestCases.verifyHomeLoans(TestCases.java:85)
at com.cg.Test.TestCases.verifyHomeLoans(TestCases.java:85)
at com.cg.Test.TestCases.verifyHomeLoans(TestCases.java:85)
at com.cg.Test.TestCases.verifyHomeLoans(TestCases.java:85)
at com.cg.Test.TestCases.verifyHomeLoans(TestCases.java:85)
at com.cg.Test.TestCases.verifyHomeLoans(TestCases.java:85)
at com.cg.Test.TestCases.verifyHomeLoans(TestCases.java:85)
at com.cg.Test.TestCases.verifyHomeLoans(TestCases.java:85)
at com.cg.Test.TestCases.verifyHomeLoans(TestCases.java:85)
at com.cg.Test.TestCases.verifyHomeLoans(TestCases.java:85)
at com.cg.Test.TestCases.verifyHomeLoans(TestCases.java:85)
at com.cg.Test.TestCases.verifyHomeLoans(TestCases.java:85)
at com.cg.Test.TestCases.verifyHomeLoans(TestCases.java:85)
at com.cg.Test.TestCases.verifyHomeLoans(TestCases.java:85)
at com.cg.Test.TestCases.verifyHomeLoans(TestCases.java:85)
at com.cg.Test.TestCases.verifyHomeLoans(TestCases.java:85)
at com.cg.Test.TestCases.verifyHomeLoans(TestCases.java:85)
at com.cg.Test.TestCases.verifyHomeLoans(TestCases.java:85)
at com.cg.Test.TestCases.verifyHomeLoans(TestCases.java:85)
at com.cg.Test.TestCases.verifyHomeLoans(TestCases.java:85)
at com.cg.Test.TestCases.verifyHomeLoans(TestCases.java:85)
at com.cg.Test.TestCases.verifyHomeLoans(TestCases.java:85)
at com.cg.Test.TestCases.verifyHomeLoans(TestCases.java:85)
at com.cg.Test.TestCases.verifyHomeLoans(TestCases.java:85)
at com.cg.Test.TestCases.verifyHomeLoans(TestCases.java:85)
at com.cg.Test.TestCases.verifyHomeLoans(TestCases.java:85)
at com.cg.Test.TestCases.verifyHomeLoans(TestCases.java:85)
at com.cg.Test.TestCases.verifyHomeLoans(TestCases.java:85)
at com.cg.Test.TestCases.verifyHomeLoans(TestCases.java:85)
at com.cg.Test.TestCases.verifyHomeLoans(TestCases.java:85)
at com.cg.Test.TestCases.verifyHomeLoans(TestCases.java:85)
at com.cg.Test.TestCases.verifyHomeLoans(TestCases.java:85)
at com.cg.Test.TestCases.verifyHomeLoans(TestCases.java:85)
at com.cg.Test.TestCases.verifyHomeLoans(TestCases.java:85)
at com.cg.Test.TestCases.verifyHomeLoans(TestCases.java:85)
at com.cg.Test.TestCases.verifyHomeLoans(TestCases.java:85)
at com.cg.Test.TestCases.verifyHomeLoans(TestCases.java:85)
at com.cg.Test.TestCases.verifyHomeLoans(TestCases.java:85)
at com.cg.Test.TestCases.verifyHomeLoans(TestCases.java:85)
at com.cg.Test.TestCases.verifyHomeLoans(TestCases.java:85)
at com.cg.Test.TestCases.verifyHomeLoans(TestCases.java:85)
at com.cg.Test.TestCases.verifyHomeLoans(TestCases.java:85)
at com.cg.Test.TestCases.verifyHomeLoans(TestCases.java:85)
at com.cg.Test.TestCases.verifyHomeLoans(TestCases.java:85)
at com.cg.Test.TestCases.verifyHomeLoans(TestCases.java:85)
at com.cg.Test.TestCases.verifyHomeLoans(TestCases.java:85)
at com.cg.Test.TestCases.verifyHomeLoans(TestCases.java:85)
at com.cg.Test.TestCases.verifyHomeLoans(TestCases.java:85)
at com.cg.Test.TestCases.verifyHomeLoans(TestCases.java:85)
at com.cg.Test.TestCases.verifyHomeLoans(TestCases.java:85)
at com.cg.Test.TestCases.verifyHomeLoans(TestCases.java:85)
at com.cg.Test.TestCases.verifyHomeLoans(TestCases.java:85)
at com.cg.Test.TestCases.verifyHomeLoans(TestCases.java:85)
at com.cg.Test.TestCases.verifyHomeLoans(TestCases.java:85)
at com.cg.Test.TestCases.verifyHomeLoans(TestCases.java:85)
at com.cg.Test.TestCases.verifyHomeLoans(TestCases.java:85)
at com.cg.Test.TestCases.verifyHomeLoans(TestCases.java:85)
at com.cg.Test.TestCases.verifyHomeLoans(TestCases.java:85)
at com.cg.Test.TestCases.verifyHomeLoans(TestCases.java:85)
at com.cg.Test.TestCases.verifyHomeLoans(TestCases.java:85)
at com.cg.Test.TestCases.verifyHomeLoans(TestCases.java:85)
at com.cg.Test.TestCases.verifyHomeLoans(TestCases.java:85)
at com.cg.Test.TestCases.verifyHomeLoans(TestCases.java:85)
at com.cg.Test.TestCases.verifyHomeLoans(TestCases.java:85)
at com.cg.Test.TestCases.verifyHomeLoans(TestCases.java:85)
at com.cg.Test.TestCases.verifyHomeLoans(TestCases.java:85)
at com.cg.Test.TestCases.verifyHomeLoans(TestCases.java:85)
at com.cg.Test.TestCases.verifyHomeLoans(TestCases.java:85)
at com.cg.Test.TestCases.verifyHomeLoans(TestCases.java:85)
at com.cg.Test.TestCases.verifyHomeLoans(TestCases.java:85)
at com.cg.Test.TestCases.verifyHomeLoans(TestCases.java:85)
at com.cg.Test.TestCases.verifyHomeLoans(TestCases.java:85)
at com.cg.Test.TestCases.verifyHomeLoans(TestCases.java:85)
at com.cg.Test.TestCases.verifyHomeLoans(TestCases.java:85)
at com.cg.Test.TestCases.verifyHomeLoans(TestCases.java:85)
at com.cg.Test.TestCases.verifyHomeLoans(TestCases.java:85)
at com.cg.Test.TestCases.verifyHomeLoans(TestCases.java:85)
at com.cg.Test.TestCases.verifyHomeLoans(TestCases.java:85)
at com.cg.Test.TestCases.verifyHomeLoans(TestCases.java:85)
at com.cg.Test.TestCases.verifyHomeLoans(TestCases.java:85)
at com.cg.Test.TestCases.verifyHomeLoans(TestCases.java:85)
at com.cg.Test.TestCases.verifyHomeLoans(TestCases.java:85)
at com.cg.Test.TestCases.verifyHomeLoans(TestCases.java:85)
at com.cg.Test.TestCases.verifyHomeLoans(TestCases.java:85)
at com.cg.Test.TestCases.verifyHomeLoans(TestCases.java:85)
at com.cg.Test.TestCases.verifyHomeLoans(TestCases.java:85)
at com.cg.Test.TestCases.verifyHomeLoans(TestCases.java:85)
at com.cg.Test.TestCases.verifyHomeLoans(TestCases.java:85)
at com.cg.Test.TestCases.verifyHomeLoans(TestCases.java:85)
at com.cg.Test.TestCases.verifyHomeLoans(TestCases.java:85)
at com.cg.Test.TestCases.verifyHomeLoans(TestCases.java:85)
at com.cg.Test.TestCases.verifyHomeLoans(TestCases.java:85)
at com.cg.Test.TestCases.verifyHomeLoans(TestCases.java:85)
at com.cg.Test.TestCases.verifyHomeLoans(TestCases.java:85)
at com.cg.Test.TestCases.verifyHomeLoans(TestCases.java:85)
at com.cg.Test.TestCases.verifyHomeLoans(TestCases.java:85)
at com.cg.Test.TestCases.verifyHomeLoans(TestCases.java:85)
at com.cg.Test.TestCases.verifyHomeLoans(TestCases.java:85)
at com.cg.Test.TestCases.verifyHomeLoans(TestCases.java:85)
at com.cg.Test.TestCases.verifyHomeLoans(TestCases.java:85)
at com.cg.Test.TestCases.verifyHomeLoans(TestCases.java:85)
at com.cg.Test.TestCases.verifyHomeLoans(TestCases.java:85)
at com.cg.Test.TestCases.verifyHomeLoans(TestCases.java:85)
at com.cg.Test.TestCases.verifyHomeLoans(TestCases.java:85)
at com.cg.Test.TestCases.verifyHomeLoans(TestCases.java:85)
at com.cg.Test.TestCases.verifyHomeLoans(TestCases.java:85)
at com.cg.Test.TestCases.verifyHomeLoans(TestCases.java:85)
at com.cg.Test.TestCases.verifyHomeLoans(TestCases.java:85)
at com.cg.Test.TestCases.verifyHomeLoans(TestCases.java:85)
at com.cg.Test.TestCases.verifyHomeLoans(TestCases.java:85)
at com.cg.Test.TestCases.verifyHomeLoans(TestCases.java:85)
at com.cg.Test.TestCases.verifyHomeLoans(TestCases.java:85)
at com.cg.Test.TestCases.verifyHomeLoans(TestCases.java:85)
at com.cg.Test.TestCases.verifyHomeLoans(TestCases.java:85)
at com.cg.Test.TestCases.verifyHomeLoans(TestCases.java:85)
at com.cg.Test.TestCases.verifyHomeLoans(TestCases.java:85)
at com.cg.Test.TestCases.verifyHomeLoans(TestCases.java:85)
at com.cg.Test.TestCases.verifyHomeLoans(TestCases.java:85)
at com.cg.Test.TestCases.verifyHomeLoans(TestCases.java:85)
at com.cg.Test.TestCases.verifyHomeLoans(TestCases.java:85)
at com.cg.Test.TestCases.verifyHomeLoans(TestCases.java:85)
at com.cg.Test.TestCases.verifyHomeLoans(TestCases.java:85)
at com.cg.Test.TestCases.verifyHomeLoans(TestCases.java:85)
at com.cg.Test.TestCases.verifyHomeLoans(TestCases.java:85)
at com.cg.Test.TestCases.verifyHomeLoans(TestCases.java:85)
at com.cg.Test.TestCases.verifyHomeLoans(TestCases.java:85)
at com.cg.Test.TestCases.verifyHomeLoans(TestCases.java:85)
at com.cg.Test.TestCases.verifyHomeLoans(TestCases.java:85)
at com.cg.Test.TestCases.verifyHomeLoans(TestCases.java:85)
at com.cg.Test.TestCases.verifyHomeLoans(TestCases.java:85)
at com.cg.Test.TestCases.verifyHomeLoans(TestCases.java:85)
at com.cg.Test.TestCases.verifyHomeLoans(TestCases.java:85)
at com.cg.Test.TestCases.verifyHomeLoans(TestCases.java:85)
at com.cg.Test.TestCases.verifyHomeLoans(TestCases.java:85)
at com.cg.Test.TestCases.verifyHomeLoans(TestCases.java:85)
at com.cg.Test.TestCases.verifyHomeLoans(TestCases.java:85)
at com.cg.Test.TestCases.verifyHomeLoans(TestCases.java:85)
at com.cg.Test.TestCases.verifyHomeLoans(TestCases.java:85)
at com.cg.Test.TestCases.verifyHomeLoans(TestCases.java:85)
at com.cg.Test.TestCases.verifyHomeLoans(TestCases.java:85)
at com.cg.Test.TestCases.verifyHomeLoans(TestCases.java:85)
at com.cg.Test.TestCases.verifyHomeLoans(TestCases.java:85)
at com.cg.Test.TestCases.verifyHomeLoans(TestCases.java:85)
at com.cg.Test.TestCases.verifyHomeLoans(TestCases.java:85)
at com.cg.Test.TestCases.verifyHomeLoans(TestCases.java:85)
at com.cg.Test.TestCases.verifyHomeLoans(TestCases.java:85)
at com.cg.Test.TestCases.verifyHomeLoans(TestCases.java:85)
at com.cg.Test.TestCases.verifyHomeLoans(TestCases.java:85)
at com.cg.Test.TestCases.verifyHomeLoans(TestCases.java:85)
at com.cg.Test.TestCases.verifyHomeLoans(TestCases.java:85)
at com.cg.Test.TestCases.verifyHomeLoans(TestCases.java:85)
at com.cg.Test.TestCases.verifyHomeLoans(TestCases.java:85)
at com.cg.Test.TestCases.verifyHomeLoans(TestCases.java:85)
at com.cg.Test.TestCases.verifyHomeLoans(TestCases.java:85)
at com.cg.Test.TestCases.verifyHomeLoans(TestCases.java:85)
at com.cg.Test.TestCases.verifyHomeLoans(TestCases.java:85)
at com.cg.Test.TestCases.verifyHomeLoans(TestCases.java:85)
at com.cg.Test.TestCases.verifyHomeLoans(TestCases.java:85)
at com.cg.Test.TestCases.verifyHomeLoans(TestCases.java:85)
at com.cg.Test.TestCases.verifyHomeLoans(TestCases.java:85)
at com.cg.Test.TestCases.verifyHomeLoans(TestCases.java:85)
at com.cg.Test.TestCases.verifyHomeLoans(TestCases.java:85)
at com.cg.Test.TestCases.verifyHomeLoans(TestCases.java:85)
at com.cg.Test.TestCases.verifyHomeLoans(TestCases.java:85)
at com.cg.Test.TestCases.verifyHomeLoans(TestCases.java:85)
at com.cg.Test.TestCases.verifyHomeLoans(TestCases.java:85)
at com.cg.Test.TestCases.verifyHomeLoans(TestCases.java:85)
at com.cg.Test.TestCases.verifyHomeLoans(TestCases.java:85)
at com.cg.Test.TestCases.verifyHomeLoans(TestCases.java:85)
at com.cg.Test.TestCases.verifyHomeLoans(TestCases.java:85)
at com.cg.Test.TestCases.verifyHomeLoans(TestCases.java:85)
at com.cg.Test.TestCases.verifyHomeLoans(TestCases.java:85)
at com.cg.Test.TestCases.verifyHomeLoans(TestCases.java:85)
at com.cg.Test.TestCases.verifyHomeLoans(TestCases.java:85)
at com.cg.Test.TestCases.verifyHomeLoans(TestCases.java:85)
at com.cg.Test.TestCases.verifyHomeLoans(TestCases.java:85)
at com.cg.Test.TestCases.verifyHomeLoans(TestCases.java:85)
at com.cg.Test.TestCases.verifyHomeLoans(TestCases.java:85)
at com.cg.Test.TestCases.verifyHomeLoans(TestCases.java:85)
at com.cg.Test.TestCases.verifyHomeLoans(TestCases.java:85)
at com.cg.Test.TestCases.verifyHomeLoans(TestCases.java:85)
at com.cg.Test.TestCases.verifyHomeLoans(TestCases.java:85)
at com.cg.Test.TestCases.verifyHomeLoans(TestCases.java:85)
at com.cg.Test.TestCases.verifyHomeLoans(TestCases.java:85)
at com.cg.Test.TestCases.verifyHomeLoans(TestCases.java:85)
at com.cg.Test.TestCases.verifyHomeLoans(TestCases.java:85)
at com.cg.Test.TestCases.verifyHomeLoans(TestCases.java:85)
at com.cg.Test.TestCases.verifyHomeLoans(TestCases.java:85)
at com.cg.Test.TestCases.verifyHomeLoans(TestCases.java:85)
at com.cg.Test.TestCases.verifyHomeLoans(TestCases.java:85)
at com.cg.Test.TestCases.verifyHomeLoans(TestCases.java:85)
at com.cg.Test.TestCases.verifyHomeLoans(TestCases.java:85)
at com.cg.Test.TestCases.verifyHomeLoans(TestCases.java:85)
at com.cg.Test.TestCases.verifyHomeLoans(TestCases.java:85)
at com.cg.Test.TestCases.verifyHomeLoans(TestCases.java:85)
at com.cg.Test.TestCases.verifyHomeLoans(TestCases.java:85)
at com.cg.Test.TestCases.verifyHomeLoans(TestCases.java:85)
at com.cg.Test.TestCases.verifyHomeLoans(TestCases.java:85)
at com.cg.Test.TestCases.verifyHomeLoans(TestCases.java:85)
at com.cg.Test.TestCases.verifyHomeLoans(TestCases.java:85)
at com.cg.Test.TestCases.verifyHomeLoans(TestCases.java:85)
at com.cg.Test.TestCases.verifyHomeLoans(TestCases.java:85)
at com.cg.Test.TestCases.verifyHomeLoans(TestCases.java:85)
at com.cg.Test.TestCases.verifyHomeLoans(TestCases.java:85)
at com.cg.Test.TestCases.verifyHomeLoans(TestCases.java:85)
at com.cg.Test.TestCases.verifyHomeLoans(TestCases.java:85)
at com.cg.Test.TestCases.verifyHomeLoans(TestCases.java:85)
at com.cg.Test.TestCases.verifyHomeLoans(TestCases.java:85)
at com.cg.Test.TestCases.verifyHomeLoans(TestCases.java:85)
at com.cg.Test.TestCases.verifyHomeLoans(TestCases.java:85)
at com.cg.Test.TestCases.verifyHomeLoans(TestCases.java:85)
at com.cg.Test.TestCases.verifyHomeLoans(TestCases.java:85)
at com.cg.Test.TestCases.verifyHomeLoans(TestCases.java:85)
at com.cg.Test.TestCases.verifyHomeLoans(TestCases.java:85)
at com.cg.Test.TestCases.verifyHomeLoans(TestCases.java:85)
at com.cg.Test.TestCases.verifyHomeLoans(TestCases.java:85)
at com.cg.Test.TestCases.verifyHomeLoans(TestCases.java:85)
at com.cg.Test.TestCases.verifyHomeLoans(TestCases.java:85)
at com.cg.Test.TestCases.verifyHomeLoans(TestCases.java:85)
at com.cg.Test.TestCases.verifyHomeLoans(TestCases.java:85)
at com.cg.Test.TestCases.verifyHomeLoans(TestCases.java:85)
at com.cg.Test.TestCases.verifyHomeLoans(TestCases.java:85)
at com.cg.Test.TestCases.verifyHomeLoans(TestCases.java:85)
at com.cg.Test.TestCases.verifyHomeLoans(TestCases.java:85)
at com.cg.Test.TestCases.verifyHomeLoans(TestCases.java:85)
at com.cg.Test.TestCases.verifyHomeLoans(TestCases.java:85)
at com.cg.Test.TestCases.verifyHomeLoans(TestCases.java:85)
at com.cg.Test.TestCases.verifyHomeLoans(TestCases.java:85)
at com.cg.Test.TestCases.verifyHomeLoans(TestCases.java:85)
at com.cg.Test.TestCases.verifyHomeLoans(TestCases.java:85)
at com.cg.Test.TestCases.verifyHomeLoans(TestCases.java:85)
at com.cg.Test.TestCases.verifyHomeLoans(TestCases.java:85)
at com.cg.Test.TestCases.verifyHomeLoans(TestCases.java:85)
at com.cg.Test.TestCases.verifyHomeLoans(TestCases.java:85)
at com.cg.Test.TestCases.verifyHomeLoans(TestCases.java:85)
at com.cg.Test.TestCases.verifyHomeLoans(TestCases.java:85)
at com.cg.Test.TestCases.verifyHomeLoans(TestCases.java:85)
at com.cg.Test.TestCases.verifyHomeLoans(TestCases.java:85)
at com.cg.Test.TestCases.verifyHomeLoans(TestCases.java:85)
at com.cg.Test.TestCases.verifyHomeLoans(TestCases.java:85)
at com.cg.Test.TestCases.verifyHomeLoans(TestCases.java:85)
at com.cg.Test.TestCases.verifyHomeLoans(TestCases.java:85)
at com.cg.Test.TestCases.verifyHomeLoans(TestCases.java:85)
at com.cg.Test.TestCases.verifyHomeLoans(TestCases.java:85)
at com.cg.Test.TestCases.verifyHomeLoans(TestCases.java:85)
at com.cg.Test.TestCases.verifyHomeLoans(TestCases.java:85)
at com.cg.Test.TestCases.verifyHomeLoans(TestCases.java:85)
at com.cg.Test.TestCases.verifyHomeLoans(TestCases.java:85)
at com.cg.Test.TestCases.verifyHomeLoans(TestCases.java:85)
at com.cg.Test.TestCases.verifyHomeLoans(TestCases.java:85)
at com.cg.Test.TestCases.verifyHomeLoans(TestCases.java:85)
at com.cg.Test.TestCases.verifyHomeLoans(TestCases.java:85)
at com.cg.Test.TestCases.verifyHomeLoans(TestCases.java:85)
at com.cg.Test.TestCases.verifyHomeLoans(TestCases.java:85)
at com.cg.Test.TestCases.verifyHomeLoans(TestCases.java:85)
at com.cg.Test.TestCases.verifyHomeLoans(TestCases.java:85)
at com.cg.Test.TestCases.verifyHomeLoans(TestCases.java:85)
at com.cg.Test.TestCases.verifyHomeLoans(TestCases.java:85)
at com.cg.Test.TestCases.verifyHomeLoans(TestCases.java:85)
at com.cg.Test.TestCases.verifyHomeLoans(TestCases.java:85)
at com.cg.Test.TestCases.verifyHomeLoans(TestCases.java:85)
at com.cg.Test.TestCases.verifyHomeLoans(TestCases.java:85)
at com.cg.Test.TestCases.verifyHomeLoans(TestCases.java:85)
at com.cg.Test.TestCases.verifyHomeLoans(TestCases.java:85)
at com.cg.Test.TestCases.verifyHomeLoans(TestCases.java:85)
at com.cg.Test.TestCases.verifyHomeLoans(TestCases.java:85)
at com.cg.Test.TestCases.verifyHomeLoans(TestCases.java:85)
at com.cg.Test.TestCases.verifyHomeLoans(TestCases.java:85)
at com.cg.Test.TestCases.verifyHomeLoans(TestCases.java:85)
at com.cg.Test.TestCases.verifyHomeLoans(TestCases.java:85)
at com.cg.Test.TestCases.verifyHomeLoans(TestCases.java:85)
at com.cg.Test.TestCases.verifyHomeLoans(TestCases.java:85)
at com.cg.Test.TestCases.verifyHomeLoans(TestCases.java:85)
at com.cg.Test.TestCases.verifyHomeLoans(TestCases.java:85)
at com.cg.Test.TestCases.verifyHomeLoans(TestCases.java:85)
at com.cg.Test.TestCases.verifyHomeLoans(TestCases.java:85)
at com.cg.Test.TestCases.verifyHomeLoans(TestCases.java:85)
at com.cg.Test.TestCases.verifyHomeLoans(TestCases.java:85)
at com.cg.Test.TestCases.verifyHomeLoans(TestCases.java:85)
at com.cg.Test.TestCases.verifyHomeLoans(TestCases.java:85)
at com.cg.Test.TestCases.verifyHomeLoans(TestCases.java:85)
at com.cg.Test.TestCases.verifyHomeLoans(TestCases.java:85)
at com.cg.Test.TestCases.verifyHomeLoans(TestCases.java:85)
at com.cg.Test.TestCases.verifyHomeLoans(TestCases.java:85)
at com.cg.Test.TestCases.verifyHomeLoans(TestCases.java:85)
at com.cg.Test.TestCases.verifyHomeLoans(TestCases.java:85)
at com.cg.Test.TestCases.verifyHomeLoans(TestCases.java:85)
at com.cg.Test.TestCases.verifyHomeLoans(TestCases.java:85)
at com.cg.Test.TestCases.verifyHomeLoans(TestCases.java:85)
at com.cg.Test.TestCases.verifyHomeLoans(TestCases.java:85)
at com.cg.Test.TestCases.verifyHomeLoans(TestCases.java:85)
at com.cg.Test.TestCases.verifyHomeLoans(TestCases.java:85)
at com.cg.Test.TestCases.verifyHomeLoans(TestCases.java:85)
at com.cg.Test.TestCases.verifyHomeLoans(TestCases.java:85)
at com.cg.Test.TestCases.verifyHomeLoans(TestCases.java:85)
at com.cg.Test.TestCases.verifyHomeLoans(TestCases.java:85)
at com.cg.Test.TestCases.verifyHomeLoans(TestCases.java:85)
at com.cg.Test.TestCases.verifyHomeLoans(TestCases.java:85)
at com.cg.Test.TestCases.verifyHomeLoans(TestCases.java:85)
at com.cg.Test.TestCases.verifyHomeLoans(TestCases.java:85)
at com.cg.Test.TestCases.verifyHomeLoans(TestCases.java:85)
at com.cg.Test.TestCases.verifyHomeLoans(TestCases.java:85)
at com.cg.Test.TestCases.verifyHomeLoans(TestCases.java:85)
at com.cg.Test.TestCases.verifyHomeLoans(TestCases.java:85)
at com.cg.Test.TestCases.verifyHomeLoans(TestCases.java:85)
at com.cg.Test.TestCases.verifyHomeLoans(TestCases.java:85)
at com.cg.Test.TestCases.verifyHomeLoans(TestCases.java:85)
at com.cg.Test.TestCases.verifyHomeLoans(TestCases.java:85)
at com.cg.Test.TestCases.verifyHomeLoans(TestCases.java:85)
at com.cg.Test.TestCases.verifyHomeLoans(TestCases.java:85)
at com.cg.Test.TestCases.verifyHomeLoans(TestCases.java:85)
at com.cg.Test.TestCases.verifyHomeLoans(TestCases.java:85)
at com.cg.Test.TestCases.verifyHomeLoans(TestCases.java:85)
at com.cg.Test.TestCases.verifyHomeLoans(TestCases.java:85)
at com.cg.Test.TestCases.verifyHomeLoans(TestCases.java:85)
at com.cg.Test.TestCases.verifyHomeLoans(TestCases.java:85)
at com.cg.Test.TestCases.verifyHomeLoans(TestCases.java:85)
at com.cg.Test.TestCases.verifyHomeLoans(TestCases.java:85)
at com.cg.Test.TestCases.verifyHomeLoans(TestCases.java:85)
at com.cg.Test.TestCases.verifyHomeLoans(TestCases.java:85)
at com.cg.Test.TestCases.verifyHomeLoans(TestCases.java:85)
at com.cg.Test.TestCases.verifyHomeLoans(TestCases.java:85)
at com.cg.Test.TestCases.verifyHomeLoans(TestCases.java:85)
at com.cg.Test.TestCases.verifyHomeLoans(TestCases.java:85)
at com.cg.Test.TestCases.verifyHomeLoans(TestCases.java:85)
at com.cg.Test.TestCases.verifyHomeLoans(TestCases.java:85)
at com.cg.Test.TestCases.verifyHomeLoans(TestCases.java:85)
at com.cg.Test.TestCases.verifyHomeLoans(TestCases.java:85)
at com.cg.Test.TestCases.verifyHomeLoans(TestCases.java:85)
at com.cg.Test.TestCases.verifyHomeLoans(TestCases.java:85)
at com.cg.Test.TestCases.verifyHomeLoans(TestCases.java:85)
at com.cg.Test.TestCases.verifyHomeLoans(TestCases.java:85)
at com.cg.Test.TestCases.verifyHomeLoans(TestCases.java:85)
at com.cg.Test.TestCases.verifyHomeLoans(TestCases.java:85)
at com.cg.Test.TestCases.verifyHomeLoans(TestCases.java:85)
at com.cg.Test.TestCases.verifyHomeLoans(TestCases.java:85)
at com.cg.Test.TestCases.verifyHomeLoans(TestCases.java:85)
at com.cg.Test.TestCases.verifyHomeLoans(TestCases.java:85)
at com.cg.Test.TestCases.verifyHomeLoans(TestCases.java:85)
at com.cg.Test.TestCases.verifyHomeLoans(TestCases.java:85)
at com.cg.Test.TestCases.verifyHomeLoans(TestCases.java:85)
at com.cg.Test.TestCases.verifyHomeLoans(TestCases.java:85)
at com.cg.Test.TestCases.verifyHomeLoans(TestCases.java:85)
at com.cg.Test.TestCases.verifyHomeLoans(TestCases.java:85)
at com.cg.Test.TestCases.verifyHomeLoans(TestCases.java:85)
at com.cg.Test.TestCases.verifyHomeLoans(TestCases.java:85)
at com.cg.Test.TestCases.verifyHomeLoans(TestCases.java:85)
at com.cg.Test.TestCases.verifyHomeLoans(TestCases.java:85)
at com.cg.Test.TestCases.verifyHomeLoans(TestCases.java:85)
at com.cg.Test.TestCases.verifyHomeLoans(TestCases.java:85)
at com.cg.Test.TestCases.verifyHomeLoans(TestCases.java:85)
at com.cg.Test.TestCases.verifyHomeLoans(TestCases.java:85)
at com.cg.Test.TestCases.verifyHomeLoans(TestCases.java:85)
at com.cg.Test.TestCases.verifyHomeLoans(TestCases.java:85)
at com.cg.Test.TestCases.verifyHomeLoans(TestCases.java:85)
at com.cg.Test.TestCases.verifyHomeLoans(TestCases.java:85)
at com.cg.Test.TestCases.verifyHomeLoans(TestCases.java:85)
at com.cg.Test.TestCases.verifyHomeLoans(TestCases.java:85)
at com.cg.Test.TestCases.verifyHomeLoans(TestCases.java:85)
at com.cg.Test.TestCases.verifyHomeLoans(TestCases.java:85)
at com.cg.Test.TestCases.verifyHomeLoans(TestCases.java:85)
at com.cg.Test.TestCases.verifyHomeLoans(TestCases.java:85)
at com.cg.Test.TestCases.verifyHomeLoans(TestCases.java:85)
at com.cg.Test.TestCases.verifyHomeLoans(TestCases.java:85)
at com.cg.Test.TestCases.verifyHomeLoans(TestCases.java:85)
at com.cg.Test.TestCases.verifyHomeLoans(TestCases.java:85)
at com.cg.Test.TestCases.verifyHomeLoans(TestCases.java:85)
at com.cg.Test.TestCases.verifyHomeLoans(TestCases.java:85)
at com.cg.Test.TestCases.verifyHomeLoans(TestCases.java:85)
at com.cg.Test.TestCases.verifyHomeLoans(TestCases.java:85)
at com.cg.Test.TestCases.verifyHomeLoans(TestCases.java:85)
at com.cg.Test.TestCases.verifyHomeLoans(TestCases.java:85)
at com.cg.Test.TestCases.verifyHomeLoans(TestCases.java:85)
at com.cg.Test.TestCases.verifyHomeLoans(TestCases.java:85)
at com.cg.Test.TestCases.verifyHomeLoans(TestCases.java:85)
at com.cg.Test.TestCases.verifyHomeLoans(TestCases.java:85)
at com.cg.Test.TestCases.verifyHomeLoans(TestCases.java:85)
at com.cg.Test.TestCases.verifyHomeLoans(TestCases.java:85)
at com.cg.Test.TestCases.verifyHomeLoans(TestCases.java:85)
at com.cg.Test.TestCases.verifyHomeLoans(TestCases.java:85)
at com.cg.Test.TestCases.verifyHomeLoans(TestCases.java:85)
at com.cg.Test.TestCases.verifyHomeLoans(TestCases.java:85)
at com.cg.Test.TestCases.verifyHomeLoans(TestCases.java:85)
at com.cg.Test.TestCases.verifyHomeLoans(TestCases.java:85)
at com.cg.Test.TestCases.verifyHomeLoans(TestCases.java:85)
at com.cg.Test.TestCases.verifyHomeLoans(TestCases.java:85)
at com.cg.Test.TestCases.verifyHomeLoans(TestCases.java:85)
at com.cg.Test.TestCases.verifyHomeLoans(TestCases.java:85)
at com.cg.Test.TestCases.verifyHomeLoans(TestCases.java:85)
at com.cg.Test.TestCases.verifyHomeLoans(TestCases.java:85)
at com.cg.Test.TestCases.verifyHomeLoans(TestCases.java:85)
at com.cg.Test.TestCases.verifyHomeLoans(TestCases.java:85)
at com.cg.Test.TestCases.verifyHomeLoans(TestCases.java:85)
at com.cg.Test.TestCases.verifyHomeLoans(TestCases.java:85)
at com.cg.Test.TestCases.verifyHomeLoans(TestCases.java:85)
at com.cg.Test.TestCases.verifyHomeLoans(TestCases.java:85)
at com.cg.Test.TestCases.verifyHomeLoans(TestCases.java:85)
at com.cg.Test.TestCases.verifyHomeLoans(TestCases.java:85)
at com.cg.Test.TestCases.verifyHomeLoans(TestCases.java:85)
at com.cg.Test.TestCases.verifyHomeLoans(TestCases.java:85)
at com.cg.Test.TestCases.verifyHomeLoans(TestCases.java:85)
at com.cg.Test.TestCases.verifyHomeLoans(TestCases.java:85)
at com.cg.Test.TestCases.verifyHomeLoans(TestCases.java:85)
at com.cg.Test.TestCases.verifyHomeLoans(TestCases.java:85)
at com.cg.Test.TestCases.verifyHomeLoans(TestCases.java:85)
at com.cg.Test.TestCases.verifyHomeLoans(TestCases.java:85)
at com.cg.Test.TestCases.verifyHomeLoans(TestCases.java:85)
at com.cg.Test.TestCases.verifyHomeLoans(TestCases.java:85)
at com.cg.Test.TestCases.verifyHomeLoans(TestCases.java:85)
at com.cg.Test.TestCases.verifyHomeLoans(TestCases.java:85)
at com.cg.Test.TestCases.verifyHomeLoans(TestCases.java:85)
at com.cg.Test.TestCases.verifyHomeLoans(TestCases.java:85)
at com.cg.Test.TestCases.verifyHomeLoans(TestCases.java:85)
at com.cg.Test.TestCases.verifyHomeLoans(TestCases.java:85)
at com.cg.Test.TestCases.verifyHomeLoans(TestCases.java:85)
at com.cg.Test.TestCases.verifyHomeLoans(TestCases.java:85)
at com.cg.Test.TestCases.verifyHomeLoans(TestCases.java:85)
at com.cg.Test.TestCases.verifyHomeLoans(TestCases.java:85)
at com.cg.Test.TestCases.verifyHomeLoans(TestCases.java:85)
at com.cg.Test.TestCases.verifyHomeLoans(TestCases.java:85)
at com.cg.Test.TestCases.verifyHomeLoans(TestCases.java:85)
at com.cg.Test.TestCases.verifyHomeLoans(TestCases.java:85)
at com.cg.Test.TestCases.verifyHomeLoans(TestCases.java:85)
at com.cg.Test.TestCases.verifyHomeLoans(TestCases.java:85)
at com.cg.Test.TestCases.verifyHomeLoans(TestCases.java:85)
at com.cg.Test.TestCases.verifyHomeLoans(TestCases.java:85)
at com.cg.Test.TestCases.verifyHomeLoans(TestCases.java:85)
at com.cg.Test.TestCases.verifyHomeLoans(TestCases.java:85)
at com.cg.Test.TestCases.verifyHomeLoans(TestCases.java:85)
at com.cg.Test.TestCases.verifyHomeLoans(TestCases.java:85)
at com.cg.Test.TestCases.verifyHomeLoans(TestCases.java:85)
at com.cg.Test.TestCases.verifyHomeLoans(TestCases.java:85)
at com.cg.Test.TestCases.verifyHomeLoans(TestCases.java:85)
at com.cg.Test.TestCases.verifyHomeLoans(TestCases.java:85)
at com.cg.Test.TestCases.verifyHomeLoans(TestCases.java:85)
at com.cg.Test.TestCases.verifyHomeLoans(TestCases.java:85)
at com.cg.Test.TestCases.verifyHomeLoans(TestCases.java:85)
at com.cg.Test.TestCases.verifyHomeLoans(TestCases.java:85)
at com.cg.Test.TestCases.verifyHomeLoans(TestCases.java:85)
at com.cg.Test.TestCases.verifyHomeLoans(TestCases.java:85)
at com.cg.Test.TestCases.verifyHomeLoans(TestCases.java:85)
at com.cg.Test.TestCases.verifyHomeLoans(TestCases.java:85)
at com.cg.Test.TestCases.verifyHomeLoans(TestCases.java:85)
at com.cg.Test.TestCases.verifyHomeLoans(TestCases.java:85)
at com.cg.Test.TestCases.verifyHomeLoans(TestCases.java:85)
at com.cg.Test.TestCases.verifyHomeLoans(TestCases.java:85)
at com.cg.Test.TestCases.verifyHomeLoans(TestCases.java:85)
at com.cg.Test.TestCases.verifyHomeLoans(TestCases.java:85)
at com.cg.Test.TestCases.verifyHomeLoans(TestCases.java:85)
at com.cg.Test.TestCases.verifyHomeLoans(TestCases.java:85)
at com.cg.Test.TestCases.verifyHomeLoans(TestCases.java:85)
at com.cg.Test.TestCases.verifyHomeLoans(TestCases.java:85)
at com.cg.Test.TestCases.verifyHomeLoans(TestCases.java:85)
at com.cg.Test.TestCases.verifyHomeLoans(TestCases.java:85)
at com.cg.Test.TestCases.verifyHomeLoans(TestCases.java:85)
at com.cg.Test.TestCases.verifyHomeLoans(TestCases.java:85)
at com.cg.Test.TestCases.verifyHomeLoans(TestCases.java:85)
at com.cg.Test.TestCases.verifyHomeLoans(TestCases.java:85)
at com.cg.Test.TestCases.verifyHomeLoans(TestCases.java:85)
at com.cg.Test.TestCases.verifyHomeLoans(TestCases.java:85)
at com.cg.Test.TestCases.verifyHomeLoans(TestCases.java:85)
at com.cg.Test.TestCases.verifyHomeLoans(TestCases.java:85)
at com.cg.Test.TestCases.verifyHomeLoans(TestCases.java:85)
at com.cg.Test.TestCases.verifyHomeLoans(TestCases.java:85)
at com.cg.Test.TestCases.verifyHomeLoans(TestCases.java:85)
at com.cg.Test.TestCases.verifyHomeLoans(TestCases.java:85)
at com.cg.Test.TestCases.verifyHomeLoans(TestCases.java:85)
at com.cg.Test.TestCases.verifyHomeLoans(TestCases.java:85)
at com.cg.Test.TestCases.verifyHomeLoans(TestCases.java:85)
at com.cg.Test.TestCases.verifyHomeLoans(TestCases.java:85)
at com.cg.Test.TestCases.verifyHomeLoans(TestCases.java:85)
at com.cg.Test.TestCases.verifyHomeLoans(TestCases.java:85)
at com.cg.Test.TestCases.verifyHomeLoans(TestCases.java:85)
at com.cg.Test.TestCases.verifyHomeLoans(TestCases.java:85)
at com.cg.Test.TestCases.verifyHomeLoans(TestCases.java:85)
at com.cg.Test.TestCases.verifyHomeLoans(TestCases.java:85)
at com.cg.Test.TestCases.verifyHomeLoans(TestCases.java:85)
at com.cg.Test.TestCases.verifyHomeLoans(TestCases.java:85)
at com.cg.Test.TestCases.verifyHomeLoans(TestCases.java:85)
at com.cg.Test.TestCases.verifyHomeLoans(TestCases.java:85)
at com.cg.Test.TestCases.verifyHomeLoans(TestCases.java:85)
at com.cg.Test.TestCases.verifyHomeLoans(TestCases.java:85)
at com.cg.Test.TestCases.verifyHomeLoans(TestCases.java:85)
at com.cg.Test.TestCases.verifyHomeLoans(TestCases.java:85)
at com.cg.Test.TestCases.verifyHomeLoans(TestCases.java:85)
at com.cg.Test.TestCases.verifyHomeLoans(TestCases.java:85)
at com.cg.Test.TestCases.verifyHomeLoans(TestCases.java:85)
at com.cg.Test.TestCases.verifyHomeLoans(TestCases.java:85)
at com.cg.Test.TestCases.verifyHomeLoans(TestCases.java:85)
at com.cg.Test.TestCases.verifyHomeLoans(TestCases.java:85)
at com.cg.Test.TestCases.verifyHomeLoans(TestCases.java:85)
at com.cg.Test.TestCases.verifyHomeLoans(TestCases.java:85)
at com.cg.Test.TestCases.verifyHomeLoans(TestCases.java:85)
at com.cg.Test.TestCases.verifyHomeLoans(TestCases.java:85)
at com.cg.Test.TestCases.verifyHomeLoans(TestCases.java:85)
at com.cg.Test.TestCases.verifyHomeLoans(TestCases.java:85)
at com.cg.Test.TestCases.verifyHomeLoans(TestCases.java:85)
at com.cg.Test.TestCases.verifyHomeLoans(TestCases.java:85)
at com.cg.Test.TestCases.verifyHomeLoans(TestCases.java:85)
at com.cg.Test.TestCases.verifyHomeLoans(TestCases.java:85)
at com.cg.Test.TestCases.verifyHomeLoans(TestCases.java:85)
at com.cg.Test.TestCases.verifyHomeLoans(TestCases.java:85)
at com.cg.Test.TestCases.verifyHomeLoans(TestCases.java:85)
at com.cg.Test.TestCases.verifyHomeLoans(TestCases.java:85)
at com.cg.Test.TestCases.verifyHomeLoans(TestCases.java:85)
at com.cg.Test.TestCases.verifyHomeLoans(TestCases.java:85)
at com.cg.Test.TestCases.verifyHomeLoans(TestCases.java:85)
at com.cg.Test.TestCases.verifyHomeLoans(TestCases.java:85)
at com.cg.Test.TestCases.verifyHomeLoans(TestCases.java:85)
at com.cg.Test.TestCases.verifyHomeLoans(TestCases.java:85)
at com.cg.Test.TestCases.verifyHomeLoans(TestCases.java:85)
at com.cg.Test.TestCases.verifyHomeLoans(TestCases.java:85)
at com.cg.Test.TestCases.verifyHomeLoans(TestCases.java:85)
at com.cg.Test.TestCases.verifyHomeLoans(TestCases.java:85)
at com.cg.Test.TestCases.verifyHomeLoans(TestCases.java:85)
at com.cg.Test.TestCases.verifyHomeLoans(TestCases.java:85)
at com.cg.Test.TestCases.verifyHomeLoans(TestCases.java:85)
at com.cg.Test.TestCases.verifyHomeLoans(TestCases.java:85)
at com.cg.Test.TestCases.verifyHomeLoans(TestCases.java:85)
at com.cg.Test.TestCases.verifyHomeLoans(TestCases.java:85)
at com.cg.Test.TestCases.verifyHomeLoans(TestCases.java:85)
at com.cg.Test.TestCases.verifyHomeLoans(TestCases.java:85)
at com.cg.Test.TestCases.verifyHomeLoans(TestCases.java:85)
at com.cg.Test.TestCases.verifyHomeLoans(TestCases.java:85)
at com.cg.Test.TestCases.verifyHomeLoans(TestCases.java:85)
at com.cg.Test.TestCases.verifyHomeLoans(TestCases.java:85)
at com.cg.Test.TestCases.verifyHomeLoans(TestCases.java:85)
at com.cg.Test.TestCases.verifyHomeLoans(TestCases.java:85)
at com.cg.Test.TestCases.verifyHomeLoans(TestCases.java:85)
at com.cg.Test.TestCases.verifyHomeLoans(TestCases.java:85)
at com.cg.Test.TestCases.verifyHomeLoans(TestCases.java:85)
at com.cg.Test.TestCases.verifyHomeLoans(TestCases.java:85)
at com.cg.Test.TestCases.verifyHomeLoans(TestCases.java:85)
at com.cg.Test.TestCases.verifyHomeLoans(TestCases.java:85)
at com.cg.Test.TestCases.verifyHomeLoans(TestCases.java:85)
at com.cg.Test.TestCases.verifyHomeLoans(TestCases.java:85)
at com.cg.Test.TestCases.verifyHomeLoans(TestCases.java:85)
at com.cg.Test.TestCases.verifyHomeLoans(TestCases.java:85)
at com.cg.Test.TestCases.verifyHomeLoans(TestCases.java:85)
at com.cg.Test.TestCases.verifyHomeLoans(TestCases.java:85)
at com.cg.Test.TestCases.verifyHomeLoans(TestCases.java:85)
at com.cg.Test.TestCases.verifyHomeLoans(TestCases.java:85)
at com.cg.Test.TestCases.verifyHomeLoans(TestCases.java:85)
at com.cg.Test.TestCases.verifyHomeLoans(TestCases.java:85)
at com.cg.Test.TestCases.verifyHomeLoans(TestCases.java:85)
at com.cg.Test.TestCases.verifyHomeLoans(TestCases.java:85)
at com.cg.Test.TestCases.verifyHomeLoans(TestCases.java:85)
at com.cg.Test.TestCases.verifyHomeLoans(TestCases.java:85)
at com.cg.Test.TestCases.verifyHomeLoans(TestCases.java:85)
at com.cg.Test.TestCases.verifyHomeLoans(TestCases.java:85)
at com.cg.Test.TestCases.verifyHomeLoans(TestCases.java:85)
at com.cg.Test.TestCases.verifyHomeLoans(TestCases.java:85)
at com.cg.Test.TestCases.verifyHomeLoans(TestCases.java:85)
at com.cg.Test.TestCases.verifyHomeLoans(TestCases.java:85)
at com.cg.Test.TestCases.verifyHomeLoans(TestCases.java:85)
at com.cg.Test.TestCases.verifyHomeLoans(TestCases.java:85)
at com.cg.Test.TestCases.verifyHomeLoans(TestCases.java:85)
at com.cg.Test.TestCases.verifyHomeLoans(TestCases.java:85)
at com.cg.Test.TestCases.verifyHomeLoans(TestCases.java:85)
at com.cg.Test.TestCases.verifyHomeLoans(TestCases.java:85)
at com.cg.Test.TestCases.verifyHomeLoans(TestCases.java:85)
at com.cg.Test.TestCases.verifyHomeLoans(TestCases.java:85)
at com.cg.Test.TestCases.verifyHomeLoans(TestCases.java:85)
at com.cg.Test.TestCases.verifyHomeLoans(TestCases.java:85)
at com.cg.Test.TestCases.verifyHomeLoans(TestCases.java:85)
at com.cg.Test.TestCases.verifyHomeLoans(TestCases.java:85)
at com.cg.Test.TestCases.verifyHomeLoans(TestCases.java:85)
at com.cg.Test.TestCases.verifyHomeLoans(TestCases.java:85)
at com.cg.Test.TestCases.verifyHomeLoans(TestCases.java:85)
at com.cg.Test.TestCases.verifyHomeLoans(TestCases.java:85)
at com.cg.Test.TestCases.verifyHomeLoans(TestCases.java:85)
at com.cg.Test.TestCases.verifyHomeLoans(TestCases.java:85)
at com.cg.Test.TestCases.verifyHomeLoans(TestCases.java:85)
at com.cg.Test.TestCases.verifyHomeLoans(TestCases.java:85)
at com.cg.Test.TestCases.verifyHomeLoans(TestCases.java:85)
at com.cg.Test.TestCases.verifyHomeLoans(TestCases.java:85)
at com.cg.Test.TestCases.verifyHomeLoans(TestCases.java:85)
at com.cg.Test.TestCases.verifyHomeLoans(TestCases.java:85)
at com.cg.Test.TestCases.verifyHomeLoans(TestCases.java:85)
at com.cg.Test.TestCases.verifyHomeLoans(TestCases.java:85)
at com.cg.Test.TestCases.verifyHomeLoans(TestCases.java:85)
at com.cg.Test.TestCases.verifyHomeLoans(TestCases.java:85)
at com.cg.Test.TestCases.verifyHomeLoans(TestCases.java:85)
at com.cg.Test.TestCases.verifyHomeLoans(TestCases.java:85)
at com.cg.Test.TestCases.verifyHomeLoans(TestCases.java:85)
at com.cg.Test.TestCases.verifyHomeLoans(TestCases.java:85)
at com.cg.Test.TestCases.verifyHomeLoans(TestCases.java:85)
at com.cg.Test.TestCases.verifyHomeLoans(TestCases.java:85)
at com.cg.Test.TestCases.verifyHomeLoans(TestCases.java:85)
at com.cg.Test.TestCases.verifyHomeLoans(TestCases.java:85)
at com.cg.Test.TestCases.verifyHomeLoans(TestCases.java:85)
at com.cg.Test.TestCases.verifyHomeLoans(TestCases.java:85)
at com.cg.Test.TestCases.verifyHomeLoans(TestCases.java:85)
at com.cg.Test.TestCases.verifyHomeLoans(TestCases.java:85)
at com.cg.Test.TestCases.verifyHomeLoans(TestCases.java:85)
at com.cg.Test.TestCases.verifyHomeLoans(TestCases.java:85)
at com.cg.Test.TestCases.verifyHomeLoans(TestCases.java:85)
at com.cg.Test.TestCases.verifyHomeLoans(TestCases.java:85)
at com.cg.Test.TestCases.verifyHomeLoans(TestCases.java:85)
at com.cg.Test.TestCases.verifyHomeLoans(TestCases.java:85)
at com.cg.Test.TestCases.verifyHomeLoans(TestCases.java:85)
at com.cg.Test.TestCases.verifyHomeLoans(TestCases.java:85)
at com.cg.Test.TestCases.verifyHomeLoans(TestCases.java:85)
at com.cg.Test.TestCases.verifyHomeLoans(TestCases.java:85)
at com.cg.Test.TestCases.verifyHomeLoans(TestCases.java:85)
at com.cg.Test.TestCases.verifyHomeLoans(TestCases.java:85)
at com.cg.Test.TestCases.verifyHomeLoans(TestCases.java:85)
at com.cg.Test.TestCases.verifyHomeLoans(TestCases.java:85)
at com.cg.Test.TestCases.verifyHomeLoans(TestCases.java:85)
at com.cg.Test.TestCases.verifyHomeLoans(TestCases.java:85)
at com.cg.Test.TestCases.verifyHomeLoans(TestCases.java:85)
at com.cg.Test.TestCases.verifyHomeLoans(TestCases.java:85)
at com.cg.Test.TestCases.verifyHomeLoans(TestCases.java:85)
at com.cg.Test.TestCases.verifyHomeLoans(TestCases.java:85)
at com.cg.Test.TestCases.verifyHomeLoans(TestCases.java:85)
at com.cg.Test.TestCases.verifyHomeLoans(TestCases.java:85)
at com.cg.Test.TestCases.verifyHomeLoans(TestCases.java:85)
at com.cg.Test.TestCases.verifyHomeLoans(TestCases.java:85)
at com.cg.Test.TestCases.verifyHomeLoans(TestCases.java:85)
at com.cg.Test.TestCases.verifyHomeLoans(TestCases.java:85)
at com.cg.Test.TestCases.verifyHomeLoans(TestCases.java:85)
at com.cg.Test.TestCases.verifyHomeLoans(TestCases.java:85)
at com.cg.Test.TestCases.verifyHomeLoans(TestCases.java:85)
at com.cg.Test.TestCases.verifyHomeLoans(TestCases.java:85)
at com.cg.Test.TestCases.verifyHomeLoans(TestCases.java:85)
at com.cg.Test.TestCases.verifyHomeLoans(TestCases.java:85)
at com.cg.Test.TestCases.verifyHomeLoans(TestCases.java:85)
at com.cg.Test.TestCases.verifyHomeLoans(TestCases.java:85)
at com.cg.Test.TestCases.verifyHomeLoans(TestCases.java:85)
at com.cg.Test.TestCases.verifyHomeLoans(TestCases.java:85)
at com.cg.Test.TestCases.verifyHomeLoans(TestCases.java:85)
at com.cg.Test.TestCases.verifyHomeLoans(TestCases.java:85)
at com.cg.Test.TestCases.verifyHomeLoans(TestCases.java:85)
at com.cg.Test.TestCases.verifyHomeLoans(TestCases.java:85)
at com.cg.Test.TestCases.verifyHomeLoans(TestCases.java:85)
at com.cg.Test.TestCases.verifyHomeLoans(TestCases.java:85)
at com.cg.Test.TestCases.verifyHomeLoans(TestCases.java:85)
at com.cg.Test.TestCases.verifyHomeLoans(TestCases.java:85)
at com.cg.Test.TestCases.verifyHomeLoans(TestCases.java:85)
at com.cg.Test.TestCases.verifyHomeLoans(TestCases.java:85)
at com.cg.Test.TestCases.verifyHomeLoans(TestCases.java:85)
at com.cg.Test.TestCases.verifyHomeLoans(TestCases.java:85)
at com.cg.Test.TestCases.verifyHomeLoans(TestCases.java:85)
at com.cg.Test.TestCases.verifyHomeLoans(TestCases.java:85)
at com.cg.Test.TestCases.verifyHomeLoans(TestCases.java:85)
at com.cg.Test.TestCases.verifyHomeLoans(TestCases.java:85)
at com.cg.Test.TestCases.verifyHomeLoans(TestCases.java:85)
at com.cg.Test.TestCases.verifyHomeLoans(TestCases.java:85)
at com.cg.Test.TestCases.verifyHomeLoans(TestCases.java:85)
at com.cg.Test.TestCases.verifyHomeLoans(TestCases.java:85)
at com.cg.Test.TestCases.verifyHomeLoans(TestCases.java:85)
at com.cg.Test.TestCases.verifyHomeLoans(TestCases.java:85)
at com.cg.Test.TestCases.verifyHomeLoans(TestCases.java:85)
at com.cg.Test.TestCases.verifyHomeLoans(TestCases.java:85)
at com.cg.Test.TestCases.verifyHomeLoans(TestCases.java:85)
at com.cg.Test.TestCases.verifyHomeLoans(TestCases.java:85)
at com.cg.Test.TestCases.verifyHomeLoans(TestCases.java:85)
at com.cg.Test.TestCases.verifyHomeLoans(TestCases.java:85)
at com.cg.Test.TestCases.verifyHomeLoans(TestCases.java:85)
at com.cg.Test.TestCases.verifyHomeLoans(TestCases.java:85)
at com.cg.Test.TestCases.verifyHomeLoans(TestCases.java:85)
at com.cg.Test.TestCases.verifyHomeLoans(TestCases.java:85)
at com.cg.Test.TestCases.verifyHomeLoans(TestCases.java:85)
at com.cg.Test.TestCases.verifyHomeLoans(TestCases.java:85)
at com.cg.Test.TestCases.verifyHomeLoans(TestCases.java:85)
at com.cg.Test.TestCases.verifyHomeLoans(TestCases.java:85)
at com.cg.Test.TestCases.verifyHomeLoans(TestCases.java:85)
at com.cg.Test.TestCases.verifyHomeLoans(TestCases.java:85)
at com.cg.Test.TestCases.verifyHomeLoans(TestCases.java:85)
at com.cg.Test.TestCases.verifyHomeLoans(TestCases.java:85)
at com.cg.Test.TestCases.verifyHomeLoans(TestCases.java:85)
at com.cg.Test.TestCases.verifyHomeLoans(TestCases.java:85)
at com.cg.Test.TestCases.verifyHomeLoans(TestCases.java:85)
at com.cg.Test.TestCases.verifyHomeLoans(TestCases.java:85)
at com.cg.Test.TestCases.verifyHomeLoans(TestCases.java:85)
at com.cg.Test.TestCases.verifyHomeLoans(TestCases.java:85)
at com.cg.Test.TestCases.verifyHomeLoans(TestCases.java:85)
at com.cg.Test.TestCases.verifyHomeLoans(TestCases.java:85)
at com.cg.Test.TestCases.verifyHomeLoans(TestCases.java:85)
at com.cg.Test.TestCases.verifyHomeLoans(TestCases.java:85)
at com.cg.Test.TestCases.verifyHomeLoans(TestCases.java:85)
at com.cg.Test.TestCases.verifyHomeLoans(TestCases.java:85)
at com.cg.Test.TestCases.verifyHomeLoans(TestCases.java:85)
at com.cg.Test.TestCases.verifyHomeLoans(TestCases.java:85)
at com.cg.Test.TestCases.verifyHomeLoans(TestCases.java:85)
at com.cg.Test.TestCases.verifyHomeLoans(TestCases.java:85)
at com.cg.Test.TestCases.verifyHomeLoans(TestCases.java:85)
at com.cg.Test.TestCases.verifyHomeLoans(TestCases.java:85)
at com.cg.Test.TestCases.verifyHomeLoans(TestCases.java:85)
at com.cg.Test.TestCases.verifyHomeLoans(TestCases.java:85)
at com.cg.Test.TestCases.verifyHomeLoans(TestCases.java:85)
at com.cg.Test.TestCases.verifyHomeLoans(TestCases.java:85)
at com.cg.Test.TestCases.verifyHomeLoans(TestCases.java:85)
at com.cg.Test.TestCases.verifyHomeLoans(TestCases.java:85)
at com.cg.Test.TestCases.verifyHomeLoans(TestCases.java:85)
at com.cg.Test.TestCases.verifyHomeLoans(TestCases.java:85)
at com.cg.Test.TestCases.verifyHomeLoans(TestCases.java:85)
at com.cg.Test.TestCases.verifyHomeLoans(TestCases.java:85)
at com.cg.Test.TestCases.verifyHomeLoans(TestCases.java:85)
at com.cg.Test.TestCases.verifyHomeLoans(TestCases.java:85)
at com.cg.Test.TestCases.verifyHomeLoans(TestCases.java:85)
at com.cg.Test.TestCases.verifyHomeLoans(TestCases.java:85)
at com.cg.Test.TestCases.verifyHomeLoans(TestCases.java:85)
at com.cg.Test.TestCases.verifyHomeLoans(TestCases.java:85)
at com.cg.Test.TestCases.verifyHomeLoans(TestCases.java:85)
at com.cg.Test.TestCases.verifyHomeLoans(TestCases.java:85)
at com.cg.Test.TestCases.verifyHomeLoans(TestCases.java:85)
at com.cg.Test.TestCases.verifyHomeLoans(TestCases.java:85)
at com.cg.Test.TestCases.verifyHomeLoans(TestCases.java:85)
at com.cg.Test.TestCases.verifyHomeLoans(TestCases.java:85)
at com.cg.Test.TestCases.verifyHomeLoans(TestCases.java:85)
at com.cg.Test.TestCases.verifyHomeLoans(TestCases.java:85)
at com.cg.Test.TestCases.verifyHomeLoans(TestCases.java:85)
at com.cg.Test.TestCases.verifyHomeLoans(TestCases.java:85)
at com.cg.Test.TestCases.verifyHomeLoans(TestCases.java:85)
at com.cg.Test.TestCases.verifyHomeLoans(TestCases.java:85)
at com.cg.Test.TestCases.verifyHomeLoans(TestCases.java:85)
at com.cg.Test.TestCases.verifyHomeLoans(TestCases.java:85)
at com.cg.Test.TestCases.verifyHomeLoans(TestCases.java:85)
at com.cg.Test.TestCases.verifyHomeLoans(TestCases.java:85)
at com.cg.Test.TestCases.verifyHomeLoans(TestCases.java:85)
at com.cg.Test.TestCases.verifyHomeLoans(TestCases.java:85)
at com.cg.Test.TestCases.verifyHomeLoans(TestCases.java:85)
at com.cg.Test.TestCases.verifyHomeLoans(TestCases.java:85)
]]>
            </full-stacktrace>
          </exception> <!-- java.lang.StackOverflowError -->
          <reporter-output>
          </reporter-output>
        </test-method> <!-- verifyHomeLoans -->
      </class> <!-- com.cg.Test.TestCases -->
    </test> <!-- Default test -->
  </suite> <!-- Default suite -->
</testng-results>
